#
# A fatal error has been detected by the Java Runtime Environment:
#
#  SIGSEGV (0xb) at pc=0x00007f92b41fc963, pid=10106, tid=0x00007f92b54f5b80
#
# JRE version: OpenJDK Runtime Environment (8.0_202-b08) (build 1.8.0_202-b08)
# Java VM: OpenJDK 64-Bit Server VM (25.202-b08 mixed mode linux-amd64 compressed oops)
# Problematic frame:
# V  [libjvm.so+0x8bb963]  SR_handler(int, siginfo*, ucontext*)+0x33
#
# Failed to write core dump. Core dumps have been disabled. To enable core dumping, try "ulimit -c unlimited" before starting Java again
#
# If you would like to submit a bug report, please visit:
#   http://bugreport.java.com/bugreport/crash.jsp
#

---------------  T H R E A D  ---------------

Current thread is native thread

siginfo: si_signo: 11 (SIGSEGV), si_code: 1 (SEGV_MAPERR), si_addr: 0x0000000000000110

Registers:
RAX=0x0000000000000000, RBX=0x00007f92b54f4700, RCX=0x00007f92b50d0d2d, RDX=0x00007f92b54f5ea0
RSP=0x00007ffc7f5a0100, RBP=0x00007ffc7f5a01b0, RSI=0x00007ffc7f5a02f0, RDI=0x0000000000000001
R8 =0x00000000000000ca, R9 =0x00007f92b54f49d0, R10=0x0000000000000000, R11=0x0000000000000246
R12=0x00007f92b54f5b00, R13=0x0000000000000002, R14=0x00007ffc7f5a02f0, R15=0x00007ffc7f5a01c0
RIP=0x00007f92b41fc963, EFLAGS=0x0000000000010246, CSGSFS=0x002b000000000033, ERR=0x0000000000000004
  TRAPNO=0x000000000000000e

Top of Stack: (sp=0x00007ffc7f5a0100)
0x00007ffc7f5a0100:   00007f92b5510710 00007f92b49494cc
0x00007ffc7f5a0110:   00007f92b4ec2bc7 00007f92b52f8754
0x00007ffc7f5a0120:   0000000002c06f28 00007f92b550cb00
0x00007ffc7f5a0130:   0000000000000003 00007f92b52f1f5f
0x00007ffc7f5a0140:   00007f92b550cff0 00007ffc7f5a06e0
0x00007ffc7f5a0150:   00007f92b4ca3360 00007f92b48cc9d0
0x00007ffc7f5a0160:   0000000001e5cb59 00007f92b50cb13b
0x00007ffc7f5a0170:   00007f92b50c8f48 00007f92b48bca6c
0x00007ffc7f5a0180:   00007f9200000002 00007f92b54f4700
0x00007ffc7f5a0190:   0000000000000000 00007ffc7f5a0780
0x00007ffc7f5a01a0:   0000000000000000 0000000000000001
0x00007ffc7f5a01b0:   00007ffc7f5a07e8 00007f92b50da890
0x00007ffc7f5a01c0:   0000000000000007 0000000000000000
0x00007ffc7f5a01d0:   0000000000000000 0000000000000002
0x00007ffc7f5a01e0:   0000000000000000 00000000000000ca
0x00007ffc7f5a01f0:   00007f92b54f49d0 0000000000000000
0x00007ffc7f5a0200:   0000000000000246 0000000000000000
0x00007ffc7f5a0210:   00007ffc7f5a0780 0000000000000000
0x00007ffc7f5a0220:   0000000000000001 00007f92b54f49d0
0x00007ffc7f5a0230:   0000000000000000 00007ffc7f5a07e8
0x00007ffc7f5a0240:   00007f92b54f4700 000000000000277b
0x00007ffc7f5a0250:   00000000000000ca 00007f92b50d0d2d
0x00007ffc7f5a0260:   00007ffc7f5a0770 00007f92b50d0d2b
0x00007ffc7f5a0270:   0000000000000246 002b000000000033
0x00007ffc7f5a0280:   0000000000000004 000000000000000e
0x00007ffc7f5a0290:   0000000000000004 0000000000000008
0x00007ffc7f5a02a0:   00007ffc7f5a0380 00007ffc00000000
0x00007ffc7f5a02b0:   0000000000d67a50 0000000000000000
0x00007ffc7f5a02c0:   0000000000000008 00007f92b550c0c0
0x00007ffc7f5a02d0:   0000000000000004 0000000005d4073c
0x00007ffc7f5a02e0:   00007f92b550c938 0000000000000004
0x00007ffc7f5a02f0:   000000000000000c 00007f9200000000 

Instructions: (pc=0x00007f92b41fc963)
0x00007f92b41fc943:   48 81 ec 88 00 00 00 e8 81 45 93 ff 44 8b 28 49
0x00007f92b41fc953:   89 c4 48 8d 05 ec 9b 67 00 8b 38 e8 b5 53 93 ff
0x00007f92b41fc963:   48 8b 98 10 01 00 00 8b 83 a8 00 00 00 83 f8 01
0x00007f92b41fc973:   74 1b 45 89 2c 24 48 81 c4 88 00 00 00 5b 41 5c 

Register to memory mapping:

RAX=0x0000000000000000 is an unknown value
RBX=0x00007f92b54f4700 is pointing into the stack for thread: 0x00007f92ac00b800
RCX=0x00007f92b50d0d2d: <offset 0x8d2d> in /lib/x86_64-linux-gnu/libpthread.so.0 at 0x00007f92b50c8000
RDX=0x00007f92b54f5ea0 is an unknown value
RSP=0x00007ffc7f5a0100 is an unknown value
RBP=0x00007ffc7f5a01b0 is an unknown value
RSI=0x00007ffc7f5a02f0 is an unknown value
RDI=0x0000000000000001 is an unknown value
R8 =0x00000000000000ca is an unknown value
R9 =0x00007f92b54f49d0 is pointing into the stack for thread: 0x00007f92ac00b800
R10=0x0000000000000000 is an unknown value
R11=0x0000000000000246 is an unknown value
R12=0x00007f92b54f5b00 is an unknown value
R13=0x0000000000000002 is an unknown value
R14=0x00007ffc7f5a02f0 is an unknown value
R15=0x00007ffc7f5a01c0 is an unknown value


Stack: [0x00007ffc7f4a6000,0x00007ffc7f5a6000],  sp=0x00007ffc7f5a0100,  free space=1000k
Native frames: (J=compiled Java code, j=interpreted, Vv=VM code, C=native code)
V  [libjvm.so+0x8bb963]  SR_handler(int, siginfo*, ucontext*)+0x33
C  [libpthread.so.0+0x12890]


---------------  P R O C E S S  ---------------

VM state:not at safepoint (normal execution)

VM Mutex/Monitor currently owned by a thread: None

heap address: 0x00000000c0000000, size: 1024 MB, Compressed Oops mode: 32-bit
Narrow klass base: 0x0000000000000000, Narrow klass shift: 3
Compressed class space size: 1073741824 Address: 0x0000000100000000

Heap:
 PSYoungGen      total 318464K, used 38622K [0x00000000eab00000, 0x0000000100000000, 0x0000000100000000)
  eden space 287744K, 13% used [0x00000000eab00000,0x00000000ed0b7ac8,0x00000000fc400000)
  from space 30720K, 0% used [0x00000000fc400000,0x00000000fc400000,0x00000000fe200000)
  to   space 29696K, 0% used [0x00000000fe300000,0x00000000fe300000,0x0000000100000000)
 ParOldGen       total 288768K, used 45292K [0x00000000c0000000, 0x00000000d1a00000, 0x00000000eab00000)
  object space 288768K, 15% used [0x00000000c0000000,0x00000000c2c3b1f8,0x00000000d1a00000)
 Metaspace       used 61365K, capacity 62410K, committed 62680K, reserved 1103872K
  class space    used 8007K, capacity 8366K, committed 8408K, reserved 1048576K

Card table byte_map: [0x00007f92b1f3b000,0x00007f92b213c000] byte_map_base: 0x00007f92b193b000

Marking Bits: (ParMarkBitMap*) 0x00007f92b489e3a0
 Begin Bits: [0x00007f9296000000, 0x00007f9297000000)
 End Bits:   [0x00007f9297000000, 0x00007f9298000000)

Polling page: 0x00007f92b550b000

CodeCache: size=245760Kb used=14940Kb max_used=15006Kb free=230819Kb
 bounds [0x00007f929d000000, 0x00007f929dee0000, 0x00007f92ac000000]
 total_blobs=5116 nmethods=4346 adapters=683
 compilation: enabled

Compilation events (10 events):
Event: 100.741 Thread 0x00007f92ac0bf000 5045       3       java.util.concurrent.locks.ReentrantLock$Sync::newCondition (9 bytes)
Event: 100.742 Thread 0x00007f92ac0bf000 nmethod 5045 0x00007f929d2fd090 code [0x00007f929d2fd200, 0x00007f929d2fd470]
Event: 100.742 Thread 0x00007f92ac0bf000 5046       3       java.io.RandomAccessFile::read (8 bytes)
Event: 100.743 Thread 0x00007f92ac0bf000 nmethod 5046 0x00007f929d2fccd0 code [0x00007f929d2fce40, 0x00007f929d2fcfc8]
Event: 102.278 Thread 0x00007f92ac0bf000 5048       3       java.util.concurrent.locks.ReentrantReadWriteLock$Sync::sharedCount (5 bytes)
Event: 102.279 Thread 0x00007f92ac0bf000 nmethod 5048 0x00007f929d488bd0 code [0x00007f929d488d20, 0x00007f929d488e50]
Event: 102.280 Thread 0x00007f92ac0bf000 5049       3       java.util.concurrent.locks.ReentrantReadWriteLock$ReadLock::unlock (10 bytes)
Event: 102.280 Thread 0x00007f92ac0bf000 nmethod 5049 0x00007f929d488590 code [0x00007f929d488720, 0x00007f929d488a98]
Event: 102.280 Thread 0x00007f92ac0bf000 5050       3       java.util.concurrent.locks.ReentrantReadWriteLock$Sync::tryReleaseShared (147 bytes)
Event: 102.282 Thread 0x00007f92ac0bf000 nmethod 5050 0x00007f929d82ed10 code [0x00007f929d82ef20, 0x00007f929d82fbc8]

GC Heap History (10 events):
Event: 7.762 GC heap before
{Heap before GC invocations=8 (full 2):
 PSYoungGen      total 263168K, used 252928K [0x00000000eab00000, 0x00000000fc100000, 0x0000000100000000)
  eden space 252928K, 100% used [0x00000000eab00000,0x00000000fa200000,0x00000000fa200000)
  from space 10240K, 0% used [0x00000000fa700000,0x00000000fa700000,0x00000000fb100000)
  to   space 15872K, 0% used [0x00000000fb180000,0x00000000fb180000,0x00000000fc100000)
 ParOldGen       total 191488K, used 21959K [0x00000000c0000000, 0x00000000cbb00000, 0x00000000eab00000)
  object space 191488K, 11% used [0x00000000c0000000,0x00000000c1571f98,0x00000000cbb00000)
 Metaspace       used 44007K, capacity 44854K, committed 45144K, reserved 1087488K
  class space    used 6132K, capacity 6428K, committed 6488K, reserved 1048576K
Event: 7.781 GC heap after
Heap after GC invocations=8 (full 2):
 PSYoungGen      total 265728K, used 15863K [0x00000000eab00000, 0x0000000100000000, 0x0000000100000000)
  eden space 249856K, 0% used [0x00000000eab00000,0x00000000eab00000,0x00000000f9f00000)
  from space 15872K, 99% used [0x00000000fb180000,0x00000000fc0fdff8,0x00000000fc100000)
  to   space 18944K, 0% used [0x00000000f9f00000,0x00000000f9f00000,0x00000000fb180000)
 ParOldGen       total 191488K, used 24407K [0x00000000c0000000, 0x00000000cbb00000, 0x00000000eab00000)
  object space 191488K, 12% used [0x00000000c0000000,0x00000000c17d5c08,0x00000000cbb00000)
 Metaspace       used 44007K, capacity 44854K, committed 45144K, reserved 1087488K
  class space    used 6132K, capacity 6428K, committed 6488K, reserved 1048576K
}
Event: 10.867 GC heap before
{Heap before GC invocations=9 (full 2):
 PSYoungGen      total 265728K, used 265719K [0x00000000eab00000, 0x0000000100000000, 0x0000000100000000)
  eden space 249856K, 100% used [0x00000000eab00000,0x00000000f9f00000,0x00000000f9f00000)
  from space 15872K, 99% used [0x00000000fb180000,0x00000000fc0fdff8,0x00000000fc100000)
  to   space 18944K, 0% used [0x00000000f9f00000,0x00000000f9f00000,0x00000000fb180000)
 ParOldGen       total 191488K, used 24407K [0x00000000c0000000, 0x00000000cbb00000, 0x00000000eab00000)
  object space 191488K, 12% used [0x00000000c0000000,0x00000000c17d5c08,0x00000000cbb00000)
 Metaspace       used 45337K, capacity 46150K, committed 46296K, reserved 1089536K
  class space    used 6270K, capacity 6560K, committed 6616K, reserved 1048576K
Event: 10.883 GC heap after
Heap after GC invocations=9 (full 2):
 PSYoungGen      total 268800K, used 18933K [0x00000000eab00000, 0x0000000100000000, 0x0000000100000000)
  eden space 249856K, 0% used [0x00000000eab00000,0x00000000eab00000,0x00000000f9f00000)
  from space 18944K, 99% used [0x00000000f9f00000,0x00000000fb17d670,0x00000000fb180000)
  to   space 23040K, 0% used [0x00000000fe980000,0x00000000fe980000,0x0000000100000000)
 ParOldGen       total 191488K, used 27381K [0x00000000c0000000, 0x00000000cbb00000, 0x00000000eab00000)
  object space 191488K, 14% used [0x00000000c0000000,0x00000000c1abd758,0x00000000cbb00000)
 Metaspace       used 45337K, capacity 46150K, committed 46296K, reserved 1089536K
  class space    used 6270K, capacity 6560K, committed 6616K, reserved 1048576K
}
Event: 12.294 GC heap before
{Heap before GC invocations=10 (full 2):
 PSYoungGen      total 268800K, used 268789K [0x00000000eab00000, 0x0000000100000000, 0x0000000100000000)
  eden space 249856K, 100% used [0x00000000eab00000,0x00000000f9f00000,0x00000000f9f00000)
  from space 18944K, 99% used [0x00000000f9f00000,0x00000000fb17d670,0x00000000fb180000)
  to   space 23040K, 0% used [0x00000000fe980000,0x00000000fe980000,0x0000000100000000)
 ParOldGen       total 191488K, used 27381K [0x00000000c0000000, 0x00000000cbb00000, 0x00000000eab00000)
  object space 191488K, 14% used [0x00000000c0000000,0x00000000c1abd758,0x00000000cbb00000)
 Metaspace       used 46102K, capacity 46932K, committed 47192K, reserved 1089536K
  class space    used 6363K, capacity 6694K, committed 6744K, reserved 1048576K
Event: 12.330 GC heap after
Heap after GC invocations=10 (full 2):
 PSYoungGen      total 310784K, used 23029K [0x00000000eab00000, 0x0000000100000000, 0x0000000100000000)
  eden space 287744K, 0% used [0x00000000eab00000,0x00000000eab00000,0x00000000fc400000)
  from space 23040K, 99% used [0x00000000fe980000,0x00000000ffffd688,0x0000000100000000)
  to   space 30720K, 0% used [0x00000000fc400000,0x00000000fc400000,0x00000000fe200000)
 ParOldGen       total 191488K, used 38302K [0x00000000c0000000, 0x00000000cbb00000, 0x00000000eab00000)
  object space 191488K, 20% used [0x00000000c0000000,0x00000000c2567b10,0x00000000cbb00000)
 Metaspace       used 46102K, capacity 46932K, committed 47192K, reserved 1089536K
  class space    used 6363K, capacity 6694K, committed 6744K, reserved 1048576K
}
Event: 19.168 GC heap before
{Heap before GC invocations=11 (full 2):
 PSYoungGen      total 310784K, used 118962K [0x00000000eab00000, 0x0000000100000000, 0x0000000100000000)
  eden space 287744K, 33% used [0x00000000eab00000,0x00000000f08af268,0x00000000fc400000)
  from space 23040K, 99% used [0x00000000fe980000,0x00000000ffffd688,0x0000000100000000)
  to   space 30720K, 0% used [0x00000000fc400000,0x00000000fc400000,0x00000000fe200000)
 ParOldGen       total 191488K, used 38302K [0x00000000c0000000, 0x00000000cbb00000, 0x00000000eab00000)
  object space 191488K, 20% used [0x00000000c0000000,0x00000000c2567b10,0x00000000cbb00000)
 Metaspace       used 57716K, capacity 58692K, committed 59028K, reserved 1099776K
  class space    used 7700K, capacity 8071K, committed 8152K, reserved 1048576K
Event: 19.212 GC heap after
Heap after GC invocations=11 (full 2):
 PSYoungGen      total 318464K, used 16554K [0x00000000eab00000, 0x0000000100000000, 0x0000000100000000)
  eden space 287744K, 0% used [0x00000000eab00000,0x00000000eab00000,0x00000000fc400000)
  from space 30720K, 53% used [0x00000000fc400000,0x00000000fd42aad8,0x00000000fe200000)
  to   space 29696K, 0% used [0x00000000fe300000,0x00000000fe300000,0x0000000100000000)
 ParOldGen       total 191488K, used 48853K [0x00000000c0000000, 0x00000000cbb00000, 0x00000000eab00000)
  object space 191488K, 25% used [0x00000000c0000000,0x00000000c2fb5440,0x00000000cbb00000)
 Metaspace       used 57716K, capacity 58692K, committed 59028K, reserved 1099776K
  class space    used 7700K, capacity 8071K, committed 8152K, reserved 1048576K
}
Event: 19.212 GC heap before
{Heap before GC invocations=12 (full 3):
 PSYoungGen      total 318464K, used 16554K [0x00000000eab00000, 0x0000000100000000, 0x0000000100000000)
  eden space 287744K, 0% used [0x00000000eab00000,0x00000000eab00000,0x00000000fc400000)
  from space 30720K, 53% used [0x00000000fc400000,0x00000000fd42aad8,0x00000000fe200000)
  to   space 29696K, 0% used [0x00000000fe300000,0x00000000fe300000,0x0000000100000000)
 ParOldGen       total 191488K, used 48853K [0x00000000c0000000, 0x00000000cbb00000, 0x00000000eab00000)
  object space 191488K, 25% used [0x00000000c0000000,0x00000000c2fb5440,0x00000000cbb00000)
 Metaspace       used 57716K, capacity 58692K, committed 59028K, reserved 1099776K
  class space    used 7700K, capacity 8071K, committed 8152K, reserved 1048576K
Event: 19.431 GC heap after
Heap after GC invocations=12 (full 3):
 PSYoungGen      total 318464K, used 0K [0x00000000eab00000, 0x0000000100000000, 0x0000000100000000)
  eden space 287744K, 0% used [0x00000000eab00000,0x00000000eab00000,0x00000000fc400000)
  from space 30720K, 0% used [0x00000000fc400000,0x00000000fc400000,0x00000000fe200000)
  to   space 29696K, 0% used [0x00000000fe300000,0x00000000fe300000,0x0000000100000000)
 ParOldGen       total 288768K, used 45292K [0x00000000c0000000, 0x00000000d1a00000, 0x00000000eab00000)
  object space 288768K, 15% used [0x00000000c0000000,0x00000000c2c3b1f8,0x00000000d1a00000)
 Metaspace       used 57716K, capacity 58692K, committed 59028K, reserved 1099776K
  class space    used 7700K, capacity 8071K, committed 8152K, reserved 1048576K
}

Deoptimization events (10 events):
Event: 18.513 Thread 0x00007f925000c800 Uncommon trap: reason=class_check action=maybe_recompile pc=0x00007f929d577b14 method=java.lang.Throwable.<init>(Ljava/lang/String;Ljava/lang/Throwable;)V @ 24
Event: 18.987 Thread 0x00007f925000c800 Uncommon trap: reason=bimorphic action=maybe_recompile pc=0x00007f929daa2aa4 method=com.sun.org.apache.xerces.internal.impl.XMLDocumentFragmentScannerImpl.scanEndElement()I @ 145
Event: 18.987 Thread 0x00007f925000c800 Uncommon trap: reason=bimorphic action=maybe_recompile pc=0x00007f929daa2aa4 method=com.sun.org.apache.xerces.internal.impl.XMLDocumentFragmentScannerImpl.scanEndElement()I @ 145
Event: 18.987 Thread 0x00007f925000c800 Uncommon trap: reason=bimorphic action=maybe_recompile pc=0x00007f929daa2aa4 method=com.sun.org.apache.xerces.internal.impl.XMLDocumentFragmentScannerImpl.scanEndElement()I @ 145
Event: 18.987 Thread 0x00007f925000c800 Uncommon trap: reason=bimorphic action=maybe_recompile pc=0x00007f929daa2aa4 method=com.sun.org.apache.xerces.internal.impl.XMLDocumentFragmentScannerImpl.scanEndElement()I @ 145
Event: 19.776 Thread 0x00007f925000c800 Uncommon trap: reason=class_check action=maybe_recompile pc=0x00007f929d93e29c method=java.net.URLClassLoader.defineClass(Ljava/lang/String;Lsun/misc/Resource;)Ljava/lang/Class; @ 34
Event: 41.608 Thread 0x00007f927c001800 Uncommon trap: reason=unstable_if action=reinterpret pc=0x00007f929dc98c2c method=org.apache.juli.logging.DirectJDKLog.log(Ljava/util/logging/Level;Ljava/lang/String;Ljava/lang/Throwable;)V @ 68
Event: 91.919 Thread 0x00007f925000e000 Uncommon trap: reason=class_check action=maybe_recompile pc=0x00007f929dc6a010 method=java.lang.Throwable.<init>()V @ 24
Event: 91.925 Thread 0x00007f925000e000 Uncommon trap: reason=class_check action=maybe_recompile pc=0x00007f929dc6a010 method=java.lang.Throwable.<init>()V @ 24
Event: 92.095 Thread 0x00007f925000e000 Uncommon trap: reason=class_check action=maybe_recompile pc=0x00007f929d93e29c method=java.net.URLClassLoader.defineClass(Ljava/lang/String;Lsun/misc/Resource;)Ljava/lang/Class; @ 34

Classes redefined (0 events):
No events

Internal exceptions (10 events):
Event: 58.593 Thread 0x00007f924d963000 Exception <a 'java/io/IOException'> (0x00000000ec0bbbe8) thrown at [/codebuild/output/src333720919/src/git-codecommit.us-west-2.amazonaws.com/v1/repos/Corretto8Src/installers/linux/universal/tar/corretto-build/buildRoot/src/hotspot/src/share/vm/prims/jni.
Event: 63.593 Thread 0x00007f924d963000 Exception <a 'java/io/IOException'> (0x00000000ec0c42f0) thrown at [/codebuild/output/src333720919/src/git-codecommit.us-west-2.amazonaws.com/v1/repos/Corretto8Src/installers/linux/universal/tar/corretto-build/buildRoot/src/hotspot/src/share/vm/prims/jni.
Event: 68.593 Thread 0x00007f924d963000 Exception <a 'java/io/IOException'> (0x00000000ec43cd98) thrown at [/codebuild/output/src333720919/src/git-codecommit.us-west-2.amazonaws.com/v1/repos/Corretto8Src/installers/linux/universal/tar/corretto-build/buildRoot/src/hotspot/src/share/vm/prims/jni.
Event: 73.594 Thread 0x00007f924d963000 Exception <a 'java/io/IOException'> (0x00000000ec44a9f0) thrown at [/codebuild/output/src333720919/src/git-codecommit.us-west-2.amazonaws.com/v1/repos/Corretto8Src/installers/linux/universal/tar/corretto-build/buildRoot/src/hotspot/src/share/vm/prims/jni.
Event: 78.593 Thread 0x00007f924d963000 Exception <a 'java/io/IOException'> (0x00000000ec4530f8) thrown at [/codebuild/output/src333720919/src/git-codecommit.us-west-2.amazonaws.com/v1/repos/Corretto8Src/installers/linux/universal/tar/corretto-build/buildRoot/src/hotspot/src/share/vm/prims/jni.
Event: 83.593 Thread 0x00007f924d963000 Exception <a 'java/io/IOException'> (0x00000000ec45b800) thrown at [/codebuild/output/src333720919/src/git-codecommit.us-west-2.amazonaws.com/v1/repos/Corretto8Src/installers/linux/universal/tar/corretto-build/buildRoot/src/hotspot/src/share/vm/prims/jni.
Event: 88.593 Thread 0x00007f924d963000 Exception <a 'java/io/IOException'> (0x00000000ec463f08) thrown at [/codebuild/output/src333720919/src/git-codecommit.us-west-2.amazonaws.com/v1/repos/Corretto8Src/installers/linux/universal/tar/corretto-build/buildRoot/src/hotspot/src/share/vm/prims/jni.
Event: 91.932 Thread 0x00007f925000e000 Exception <a 'java/lang/ArrayIndexOutOfBoundsException'> (0x00000000ec6c4438) thrown at [/codebuild/output/src333720919/src/git-codecommit.us-west-2.amazonaws.com/v1/repos/Corretto8Src/installers/linux/universal/tar/corretto-build/buildRoot/src/hotspot/sr
Event: 93.593 Thread 0x00007f924d963000 Exception <a 'java/io/IOException'> (0x00000000ec46c610) thrown at [/codebuild/output/src333720919/src/git-codecommit.us-west-2.amazonaws.com/v1/repos/Corretto8Src/installers/linux/universal/tar/corretto-build/buildRoot/src/hotspot/src/share/vm/prims/jni.
Event: 98.593 Thread 0x00007f924d963000 Exception <a 'java/io/IOException'> (0x00000000ec474d18) thrown at [/codebuild/output/src333720919/src/git-codecommit.us-west-2.amazonaws.com/v1/repos/Corretto8Src/installers/linux/universal/tar/corretto-build/buildRoot/src/hotspot/src/share/vm/prims/jni.

Events (10 events):
Event: 92.126 Thread 0x00007f92ac0bf000 flushing nmethod 0x00007f929d5c4c90
Event: 92.127 Thread 0x00007f92ac0bf000 flushing nmethod 0x00007f929d6dd290
Event: 92.127 Thread 0x00007f92ac0bf000 flushing nmethod 0x00007f929d756650
Event: 92.127 Thread 0x00007f9280035000 Thread added: 0x00007f9280035000
Event: 92.278 Thread 0x00007f92ac0bf000 flushing nmethod 0x00007f929d7d0710
Event: 92.278 Thread 0x00007f92ac0bf000 flushing nmethod 0x00007f929d7d11d0
Event: 92.278 Thread 0x00007f92ac0bf000 flushing nmethod 0x00007f929d82ae50
Event: 92.278 Thread 0x00007f92ac0bf000 flushing nmethod 0x00007f929d82eb10
Event: 92.278 Thread 0x00007f92ac0bf000 flushing nmethod 0x00007f929d860690
Event: 100.742 Thread 0x00007f92ac0bf000 flushing nmethod 0x00007f929db812d0


Dynamic libraries:
00400000-00401000 r-xp 00000000 08:05 7209748                            /home/lalit/.sdkman/candidates/java/8.0.202-amzn/bin/java
00600000-00601000 r--p 00000000 08:05 7209748                            /home/lalit/.sdkman/candidates/java/8.0.202-amzn/bin/java
00601000-00602000 rw-p 00001000 08:05 7209748                            /home/lalit/.sdkman/candidates/java/8.0.202-amzn/bin/java
00d54000-01007000 rw-p 00000000 00:00 0                                  [heap]
c0000000-d1a00000 rw-p 00000000 00:00 0 
d1a00000-eab00000 ---p 00000000 00:00 0 
eab00000-100000000 rw-p 00000000 00:00 0 
100000000-100836000 rw-p 00000000 00:00 0 
100836000-140000000 ---p 00000000 00:00 0 
7f92178fb000-7f92178fe000 ---p 00000000 00:00 0 
7f92178fe000-7f92179fc000 rw-p 00000000 00:00 0 
7f92179fc000-7f92179ff000 ---p 00000000 00:00 0 
7f92179ff000-7f9217afd000 rw-p 00000000 00:00 0 
7f9217afd000-7f9217b00000 ---p 00000000 00:00 0 
7f9217b00000-7f9217bfe000 rw-p 00000000 00:00 0 
7f9217bfe000-7f9217c01000 ---p 00000000 00:00 0 
7f9217c01000-7f9217cff000 rw-p 00000000 00:00 0 
7f9217cff000-7f9217d02000 ---p 00000000 00:00 0 
7f9217d02000-7f9217f00000 rw-p 00000000 00:00 0 
7f9217f00000-7f9218000000 ---p 00000000 00:00 0 
7f9218000000-7f9218021000 rw-p 00000000 00:00 0 
7f9218021000-7f921c000000 ---p 00000000 00:00 0 
7f921c000000-7f921c021000 rw-p 00000000 00:00 0 
7f921c021000-7f9220000000 ---p 00000000 00:00 0 
7f9220000000-7f9220021000 rw-p 00000000 00:00 0 
7f9220021000-7f9224000000 ---p 00000000 00:00 0 
7f9224000000-7f922432a000 rw-p 00000000 00:00 0 
7f922432a000-7f9228000000 ---p 00000000 00:00 0 
7f9228000000-7f9228021000 rw-p 00000000 00:00 0 
7f9228021000-7f922c000000 ---p 00000000 00:00 0 
7f922c0e5000-7f922c0e8000 ---p 00000000 00:00 0 
7f922c0e8000-7f922c3e6000 rw-p 00000000 00:00 0 
7f922c3e6000-7f922c5e6000 rw-p 00000000 00:00 0 
7f922c5e6000-7f922c7e6000 rw-p 00000000 00:00 0 
7f922c7e6000-7f922c9e6000 rw-p 00000000 00:00 0 
7f922c9e6000-7f922cbe6000 rw-p 00000000 00:00 0 
7f922cbe6000-7f922cde6000 rw-p 00000000 00:00 0 
7f922cde6000-7f922cde9000 ---p 00000000 00:00 0 
7f922cde9000-7f922cee7000 rw-p 00000000 00:00 0 
7f922cee7000-7f922ceea000 ---p 00000000 00:00 0 
7f922ceea000-7f922cfe8000 rw-p 00000000 00:00 0 
7f922cfe8000-7f922cfeb000 ---p 00000000 00:00 0 
7f922cfeb000-7f922d0e9000 rw-p 00000000 00:00 0 
7f922d0e9000-7f922d0ec000 ---p 00000000 00:00 0 
7f922d0ec000-7f922d1ea000 rw-p 00000000 00:00 0 
7f922d1ea000-7f922d1ed000 ---p 00000000 00:00 0 
7f922d1ed000-7f922d2eb000 rw-p 00000000 00:00 0 
7f922d2eb000-7f922d2ee000 ---p 00000000 00:00 0 
7f922d2ee000-7f922d3ec000 rw-p 00000000 00:00 0 
7f922d3ec000-7f922d3ef000 ---p 00000000 00:00 0 
7f922d3ef000-7f922d6ed000 rw-p 00000000 00:00 0 
7f922d6ed000-7f922d6f0000 ---p 00000000 00:00 0 
7f922d6f0000-7f922d7ee000 rw-p 00000000 00:00 0 
7f922d7ee000-7f922d7f1000 ---p 00000000 00:00 0 
7f922d7f1000-7f922daef000 rw-p 00000000 00:00 0 
7f922daef000-7f922dcef000 rw-p 00000000 00:00 0 
7f922dcef000-7f922deef000 rw-p 00000000 00:00 0 
7f922deef000-7f922e0ef000 rw-p 00000000 00:00 0 
7f922e0ef000-7f922e0f2000 ---p 00000000 00:00 0 
7f922e0f2000-7f922e1f0000 rw-p 00000000 00:00 0 
7f922e1f0000-7f922e1f3000 ---p 00000000 00:00 0 
7f922e1f3000-7f922e2f1000 rw-p 00000000 00:00 0 
7f922e2f1000-7f922e2f4000 ---p 00000000 00:00 0 
7f922e2f4000-7f922e3f2000 rw-p 00000000 00:00 0 
7f922e3f2000-7f922e3f5000 ---p 00000000 00:00 0 
7f922e3f5000-7f922e4f3000 rw-p 00000000 00:00 0 
7f922e4f3000-7f922e4f6000 ---p 00000000 00:00 0 
7f922e4f6000-7f922e5f4000 rw-p 00000000 00:00 0 
7f922e5f4000-7f922e5f7000 ---p 00000000 00:00 0 
7f922e5f7000-7f922e6f5000 rw-p 00000000 00:00 0 
7f922e6f5000-7f922e6f8000 ---p 00000000 00:00 0 
7f922e6f8000-7f922e7f6000 rw-p 00000000 00:00 0 
7f922e7f6000-7f922e7f9000 ---p 00000000 00:00 0 
7f922e7f9000-7f922e8f7000 rw-p 00000000 00:00 0 
7f922e8f7000-7f922e8fa000 ---p 00000000 00:00 0 
7f922e8fa000-7f922e9f8000 rw-p 00000000 00:00 0 
7f922e9f8000-7f922e9fb000 ---p 00000000 00:00 0 
7f922e9fb000-7f922eaf9000 rw-p 00000000 00:00 0 
7f922eaf9000-7f922eafc000 ---p 00000000 00:00 0 
7f922eafc000-7f922ebfa000 rw-p 00000000 00:00 0 
7f922ebfa000-7f922ebfd000 ---p 00000000 00:00 0 
7f922ebfd000-7f922ecfb000 rw-p 00000000 00:00 0 
7f922ecfb000-7f922ecfe000 ---p 00000000 00:00 0 
7f922ecfe000-7f922effc000 rw-p 00000000 00:00 0 
7f922effc000-7f922f1fc000 rw-p 00000000 00:00 0 
7f922f1fc000-7f922f1ff000 ---p 00000000 00:00 0 
7f922f1ff000-7f922f4fd000 rw-p 00000000 00:00 0 
7f922f4fd000-7f922f500000 ---p 00000000 00:00 0 
7f922f500000-7f922f5fe000 rw-p 00000000 00:00 0 
7f922f5fe000-7f922f601000 ---p 00000000 00:00 0 
7f922f601000-7f922f6ff000 rw-p 00000000 00:00 0 
7f922f6ff000-7f922f702000 ---p 00000000 00:00 0 
7f922f702000-7f922fa00000 rw-p 00000000 00:00 0 
7f922fa00000-7f922fc00000 rw-p 00000000 00:00 0 
7f922fc00000-7f922fe00000 rw-p 00000000 00:00 0 
7f922fe00000-7f9230000000 rw-p 00000000 00:00 0 
7f9230000000-7f9230021000 rw-p 00000000 00:00 0 
7f9230021000-7f9234000000 ---p 00000000 00:00 0 
7f9234000000-7f9234021000 rw-p 00000000 00:00 0 
7f9234021000-7f9238000000 ---p 00000000 00:00 0 
7f9238000000-7f9238024000 rw-p 00000000 00:00 0 
7f9238024000-7f923c000000 ---p 00000000 00:00 0 
7f923c000000-7f923c021000 rw-p 00000000 00:00 0 
7f923c021000-7f9240000000 ---p 00000000 00:00 0 
7f9240000000-7f924040a000 rw-p 00000000 00:00 0 
7f924040a000-7f9244000000 ---p 00000000 00:00 0 
7f9244000000-7f924402d000 rw-p 00000000 00:00 0 
7f924402d000-7f9248000000 ---p 00000000 00:00 0 
7f9248000000-7f92483e0000 rw-p 00000000 00:00 0 
7f92483e0000-7f924c000000 ---p 00000000 00:00 0 
7f924c000000-7f924dc87000 rw-p 00000000 00:00 0 
7f924dc87000-7f9250000000 ---p 00000000 00:00 0 
7f9250000000-7f9250021000 rw-p 00000000 00:00 0 
7f9250021000-7f9254000000 ---p 00000000 00:00 0 
7f9254000000-7f9254021000 rw-p 00000000 00:00 0 
7f9254021000-7f9258000000 ---p 00000000 00:00 0 
7f9258000000-7f9258067000 rw-p 00000000 00:00 0 
7f9258067000-7f925c000000 ---p 00000000 00:00 0 
7f925c000000-7f925c021000 rw-p 00000000 00:00 0 
7f925c021000-7f9260000000 ---p 00000000 00:00 0 
7f9260000000-7f9260021000 rw-p 00000000 00:00 0 
7f9260021000-7f9264000000 ---p 00000000 00:00 0 
7f9264000000-7f9264021000 rw-p 00000000 00:00 0 
7f9264021000-7f9268000000 ---p 00000000 00:00 0 
7f9268000000-7f926a22e000 rw-p 00000000 00:00 0 
7f926a22e000-7f926c000000 ---p 00000000 00:00 0 
7f926c000000-7f926d436000 rw-p 00000000 00:00 0 
7f926d436000-7f9270000000 ---p 00000000 00:00 0 
7f9270000000-7f9270021000 rw-p 00000000 00:00 0 
7f9270021000-7f9274000000 ---p 00000000 00:00 0 
7f9274000000-7f9275aa0000 rw-p 00000000 00:00 0 
7f9275aa0000-7f9278000000 ---p 00000000 00:00 0 
7f9278000000-7f9278021000 rw-p 00000000 00:00 0 
7f9278021000-7f927c000000 ---p 00000000 00:00 0 
7f927c000000-7f927c021000 rw-p 00000000 00:00 0 
7f927c021000-7f9280000000 ---p 00000000 00:00 0 
7f9280000000-7f9280037000 rw-p 00000000 00:00 0 
7f9280037000-7f9284000000 ---p 00000000 00:00 0 
7f9284000000-7f928413b000 rw-p 00000000 00:00 0 
7f928413b000-7f9288000000 ---p 00000000 00:00 0 
7f9288000000-7f9288021000 rw-p 00000000 00:00 0 
7f9288021000-7f928c000000 ---p 00000000 00:00 0 
7f928c045000-7f928c04a000 r--s 002f9000 08:05 7209683                    /home/lalit/.sdkman/candidates/java/8.0.202-amzn/jre/lib/charsets.jar
7f928c04a000-7f928c05d000 r--s 00346000 08:05 7209659                    /home/lalit/.sdkman/candidates/java/8.0.202-amzn/jre/lib/resources.jar
7f928c05d000-7f928c05f000 r--s 00000000 08:05 8783226                    /home/lalit/.gradle/caches/modules-2/files-2.1/aopalliance/aopalliance/1.0/235ba8b489512805ac13a8f9ea77a1ca5ebe3e8/aopalliance-1.0.jar
7f928c05f000-7f928c061000 r--s 0000e000 08:05 8783224                    /home/lalit/.gradle/caches/modules-2/files-2.1/commons-logging/commons-logging/1.2/4bfc12adfe4842bf07b657f0369c4cb522955686/commons-logging-1.2.jar
7f928c061000-7f928c077000 r--s 000f2000 08:05 9962081                    /home/lalit/.gradle/caches/modules-2/files-2.1/org.springframework/spring-core/4.2.5.RELEASE/251207b29f0f38f61e3495a2f7fb053cf1bfe8c/spring-core-4.2.5.RELEASE.jar
7f928c077000-7f928c07c000 r--s 0003c000 08:05 9962075                    /home/lalit/.gradle/caches/modules-2/files-2.1/org.springframework/spring-expression/4.2.5.RELEASE/a42bdfb833d0be6c18429aea3fb0fba81f85c6e8/spring-expression-4.2.5.RELEASE.jar
7f928c07c000-7f928c089000 r--s 000a6000 08:05 9962071                    /home/lalit/.gradle/caches/modules-2/files-2.1/org.springframework/spring-beans/4.2.5.RELEASE/fa992ae40f6fc47117282164e0433b71da385e94/spring-beans-4.2.5.RELEASE.jar
7f928c089000-7f928c0a2000 r--s 000f3000 08:05 9962077                    /home/lalit/.gradle/caches/modules-2/files-2.1/org.springframework/spring-context/4.2.5.RELEASE/a75e18322c7b362fe1daa26a245ae672ec0f3138/spring-context-4.2.5.RELEASE.jar
7f928c0a2000-7f928c0b3000 r--s 000ab000 08:05 9962079                    /home/lalit/.gradle/caches/modules-2/files-2.1/org.springframework/spring-web/4.2.5.RELEASE/49cd2430884b77172aa81e3fc33ef668ea1dab30/spring-web-4.2.5.RELEASE.jar
7f928c0b3000-7f928c0c4000 r--s 000c6000 08:05 9962083                    /home/lalit/.gradle/caches/modules-2/files-2.1/org.springframework/spring-webmvc/4.2.5.RELEASE/cf463cce3e4453eb4b9a69de2dcdfd60c3c57e0/spring-webmvc-4.2.5.RELEASE.jar
7f928c0c4000-7f928c0d6000 r--s 00220000 08:05 9962125                    /home/lalit/.gradle/caches/modules-2/files-2.1/org.eclipse.jdt.core.compiler/ecj/4.4/fe0a961ce7cca03dd3c9b3775c0133229e8231a6/ecj-4.4.jar
7f928c0d6000-7f928c0f6000 r--s 0025b000 08:05 9962131                    /home/lalit/.gradle/caches/modules-2/files-2.1/org.apache.tomcat.embed/tomcat-embed-core/7.0.57/2146ea5c404f69c2dae264088743abb6739c1a17/tomcat-embed-core-7.0.57.jar
7f928c0f6000-7f928c2f6000 rw-p 00000000 00:00 0 
7f928c2f6000-7f928c2f9000 ---p 00000000 00:00 0 
7f928c2f9000-7f928c3f7000 rw-p 00000000 00:00 0 
7f928c3f7000-7f928c3fa000 ---p 00000000 00:00 0 
7f928c3fa000-7f928c6f8000 rw-p 00000000 00:00 0 
7f928c6f8000-7f928c6fb000 ---p 00000000 00:00 0 
7f928c6fb000-7f928c7f9000 rw-p 00000000 00:00 0 
7f928c7f9000-7f928c7fc000 ---p 00000000 00:00 0 
7f928c7fc000-7f928cafa000 rw-p 00000000 00:00 0 
7f928cafa000-7f928cafd000 ---p 00000000 00:00 0 
7f928cafd000-7f928cbfb000 rw-p 00000000 00:00 0 
7f928cbfb000-7f928cbfe000 ---p 00000000 00:00 0 
7f928cbfe000-7f928ccfc000 rw-p 00000000 00:00 0 
7f928ccfc000-7f928ccff000 ---p 00000000 00:00 0 
7f928ccff000-7f928cdfd000 rw-p 00000000 00:00 0 
7f928cdfd000-7f928ce00000 ---p 00000000 00:00 0 
7f928ce00000-7f928cefe000 rw-p 00000000 00:00 0 
7f928cefe000-7f928cf01000 ---p 00000000 00:00 0 
7f928cf01000-7f9290000000 rw-p 00000000 00:00 0 
7f9290000000-7f9290024000 rw-p 00000000 00:00 0 
7f9290024000-7f9294000000 ---p 00000000 00:00 0 
7f9294001000-7f929400a000 r--s 00052000 08:05 9962073                    /home/lalit/.gradle/caches/modules-2/files-2.1/org.springframework/spring-aop/4.2.5.RELEASE/858d6c70909b3ce7e07b59fc936f8ccfcd81c0aa/spring-aop-4.2.5.RELEASE.jar
7f929400a000-7f929400c000 r--s 00001000 08:05 7209585                    /home/lalit/.sdkman/candidates/java/8.0.202-amzn/jre/lib/ext/dnsns.jar
7f929400c000-7f929400f000 r--s 00028000 08:05 9962129                    /home/lalit/.gradle/caches/modules-2/files-2.1/org.apache.tomcat.embed/tomcat-embed-el/7.0.57/fdbbd6ee52f4d635f4059cd601afe927787fa720/tomcat-embed-el-7.0.57.jar
7f929400f000-7f9294011000 r--s 00008000 08:05 9962123                    /home/lalit/.gradle/caches/modules-2/files-2.1/org.apache.tomcat.embed/tomcat-embed-logging-juli/7.0.57/3a245b098347fb6f4c7e972d06165c0a29a350d/tomcat-embed-logging-juli-7.0.57.jar
7f9294011000-7f929401a000 r--s 0009f000 08:05 9962127                    /home/lalit/.gradle/caches/modules-2/files-2.1/org.apache.tomcat.embed/tomcat-embed-jasper/7.0.57/41e11cc1b7c8cd03389684de01034401e41682bb/tomcat-embed-jasper-7.0.57.jar
7f929401a000-7f929401f000 r--s 00038000 08:05 8783201                    /home/lalit/.gradle/caches/modules-2/files-2.1/com.bmuschko/gradle-tomcat-plugin/2.2.2/c1da7aec6566af2c39cf85e641ac0d3b2afa107b/gradle-tomcat-plugin-2.2.2.jar
7f929401f000-7f9294098000 r--s 01104000 08:05 7209569                    /home/lalit/.sdkman/candidates/java/8.0.202-amzn/lib/tools.jar
7f9294098000-7f929409b000 ---p 00000000 00:00 0 
7f929409b000-7f9294199000 rw-p 00000000 00:00 0 
7f9294199000-7f929419c000 ---p 00000000 00:00 0 
7f929419c000-7f929429a000 rw-p 00000000 00:00 0 
7f929429a000-7f92942a1000 r--s 00000000 08:01 1837678                    /usr/lib/x86_64-linux-gnu/gconv/gconv-modules.cache
7f92942a1000-7f92942a4000 ---p 00000000 00:00 0 
7f92942a4000-7f92943a2000 rw-p 00000000 00:00 0 
7f92943a2000-7f92943a6000 r--s 000a1000 08:05 7209692                    /home/lalit/.sdkman/candidates/java/8.0.202-amzn/jre/lib/jsse.jar
7f92943a6000-7f92945a6000 rw-p 00000000 00:00 0 
7f92945a6000-7f92945af000 r-xp 00000000 08:05 7209644                    /home/lalit/.sdkman/candidates/java/8.0.202-amzn/jre/lib/amd64/libmanagement.so
7f92945af000-7f92947ae000 ---p 00009000 08:05 7209644                    /home/lalit/.sdkman/candidates/java/8.0.202-amzn/jre/lib/amd64/libmanagement.so
7f92947ae000-7f92947af000 r--p 00008000 08:05 7209644                    /home/lalit/.sdkman/candidates/java/8.0.202-amzn/jre/lib/amd64/libmanagement.so
7f92947af000-7f92947b0000 rw-p 00009000 08:05 7209644                    /home/lalit/.sdkman/candidates/java/8.0.202-amzn/jre/lib/amd64/libmanagement.so
7f92947b0000-7f92947b2000 r--s 00009000 08:05 7080961                    /home/lalit/.sdkman/candidates/gradle/4.10.2/lib/plugins/gradle-tooling-api-builders-4.10.2.jar
7f92947b2000-7f92947b4000 r--s 00003000 08:05 7080944                    /home/lalit/.sdkman/candidates/gradle/4.10.2/lib/plugins/gradle-tooling-native-4.10.2.jar
7f92947b4000-7f92947b8000 r--s 00019000 08:05 7080946                    /home/lalit/.sdkman/candidates/gradle/4.10.2/lib/plugins/gradle-testing-native-4.10.2.jar
7f92947b8000-7f92947ba000 r--s 0000d000 08:05 7081054                    /home/lalit/.sdkman/candidates/gradle/4.10.2/lib/plugins/jcommander-1.47.jar
7f92947ba000-7f92947c3000 r--s 00089000 08:05 7081017                    /home/lalit/.sdkman/candidates/gradle/4.10.2/lib/plugins/testng-6.3.1.jar
7f92947c3000-7f92947c8000 r--s 0005a000 08:05 7081021                    /home/lalit/.sdkman/candidates/gradle/4.10.2/lib/plugins/bsh-2.0b6.jar
7f92947c8000-7f92947cc000 r--s 0001c000 08:05 7080966                    /home/lalit/.sdkman/candidates/gradle/4.10.2/lib/plugins/gradle-testing-jvm-4.10.2.jar
7f92947cc000-7f92947ce000 r--s 0000e000 08:05 7081052                    /home/lalit/.sdkman/candidates/gradle/4.10.2/lib/plugins/junit-platform-commons-1.0.3.jar
7f92947ce000-7f92947cf000 r--s 00001000 08:05 7081057                    /home/lalit/.sdkman/candidates/gradle/4.10.2/lib/plugins/opentest4j-1.0.0.jar
7f92947cf000-7f92947d2000 r--s 00013000 08:05 7081051                    /home/lalit/.sdkman/candidates/gradle/4.10.2/lib/plugins/junit-platform-engine-1.0.3.jar
7f92947d2000-7f92947d3000 r--s 00000000 08:05 7081053                    /home/lalit/.sdkman/candidates/gradle/4.10.2/lib/plugins/apiguardian-api-1.0.0.jar
7f92947d3000-7f92947d5000 r--s 0000c000 08:05 7081022                    /home/lalit/.sdkman/candidates/gradle/4.10.2/lib/plugins/junit-platform-launcher-1.0.3.jar
7f92947d5000-7f92947d6000 r--s 00003000 08:05 7080965                    /home/lalit/.sdkman/candidates/gradle/4.10.2/lib/plugins/gradle-testing-junit-platform-4.10.2.jar
7f92947d6000-7f92947de000 r--s 00034000 08:05 7080973                    /home/lalit/.sdkman/candidates/gradle/4.10.2/lib/plugins/gradle-testing-base-4.10.2.jar
7f92947de000-7f92947e5000 r--s 00043000 08:05 7081012                    /home/lalit/.sdkman/candidates/gradle/4.10.2/lib/plugins/bcpg-jdk15on-1.58.jar
7f92947e5000-7f92947e8000 r--s 00010000 08:05 7080943                    /home/lalit/.sdkman/candidates/gradle/4.10.2/lib/plugins/gradle-signing-4.10.2.jar
7f92947e8000-7f92947ea000 r--s 00009000 08:05 7080952                    /home/lalit/.sdkman/candidates/gradle/4.10.2/lib/plugins/gradle-scala-4.10.2.jar
7f92947ea000-7f92947eb000 r--s 00004000 08:05 7080984                    /home/lalit/.sdkman/candidates/gradle/4.10.2/lib/plugins/gradle-resources-sftp-4.10.2.jar
7f92947eb000-7f92947f4000 r--s 0005a000 08:05 7080987                    /home/lalit/.sdkman/candidates/gradle/4.10.2/lib/plugins/aws-java-sdk-kms-1.11.267.jar
7f92947f4000-7f92947f6000 r--s 00005000 08:05 7081027                    /home/lalit/.sdkman/candidates/gradle/4.10.2/lib/plugins/jmespath-java-1.11.267.jar
7f92947f6000-7f9294808000 r--s 000bb000 08:05 7080986                    /home/lalit/.sdkman/candidates/gradle/4.10.2/lib/plugins/aws-java-sdk-s3-1.11.267.jar
7f9294808000-7f9294812000 r--s 00081000 08:05 7081048                    /home/lalit/.sdkman/candidates/gradle/4.10.2/lib/plugins/ion-java-1.0.2.jar
7f9294812000-7f9294827000 r--s 000bd000 08:05 7080988                    /home/lalit/.sdkman/candidates/gradle/4.10.2/lib/plugins/aws-java-sdk-core-1.11.267.jar
7f9294827000-7f9294829000 r--s 00004000 08:05 7080980                    /home/lalit/.sdkman/candidates/gradle/4.10.2/lib/plugins/gradle-resources-s3-4.10.2.jar
7f9294829000-7f9294839000 r--s 00088000 08:05 7081031                    /home/lalit/.sdkman/candidates/gradle/4.10.2/lib/plugins/joda-time-2.8.2.jar
7f9294839000-7f929484c000 r--s 00136000 08:05 7081028                    /home/lalit/.sdkman/candidates/gradle/4.10.2/lib/plugins/jackson-databind-2.9.4.jar
7f929484c000-7f929484f000 r--s 0000e000 08:05 7081030                    /home/lalit/.sdkman/candidates/gradle/4.10.2/lib/plugins/jackson-annotations-2.9.4.jar
7f929484f000-7f9294853000 r--s 0004b000 08:05 7081029                    /home/lalit/.sdkman/candidates/gradle/4.10.2/lib/plugins/jackson-core-2.9.4.jar
7f9294853000-7f9294854000 r--s 00001000 08:05 7080995                    /home/lalit/.sdkman/candidates/gradle/4.10.2/lib/plugins/google-http-client-jackson2-1.23.0.jar
7f9294854000-7f929485d000 r--s 0004f000 08:05 7080996                    /home/lalit/.sdkman/candidates/gradle/4.10.2/lib/plugins/google-http-client-1.23.0.jar
7f929485d000-7f9294860000 r--s 0000d000 08:05 7080994                    /home/lalit/.sdkman/candidates/gradle/4.10.2/lib/plugins/google-oauth-client-1.23.0.jar
7f9294860000-7f9294865000 r--s 0002c000 08:05 7080993                    /home/lalit/.sdkman/candidates/gradle/4.10.2/lib/plugins/google-api-client-1.23.0.jar
7f9294865000-7f9294869000 r--s 0001c000 08:05 7080992                    /home/lalit/.sdkman/candidates/gradle/4.10.2/lib/plugins/google-api-services-storage-v1-rev116-1.23.0.jar
7f9294869000-7f929486b000 r--s 00003000 08:05 7080981                    /home/lalit/.sdkman/candidates/gradle/4.10.2/lib/plugins/gradle-resources-gcs-4.10.2.jar
7f929486b000-7f929486e000 r--s 0000f000 08:05 7080979                    /home/lalit/.sdkman/candidates/gradle/4.10.2/lib/plugins/gradle-reporting-4.10.2.jar
7f929486e000-7f9294870000 r--s 00007000 08:05 7080972                    /home/lalit/.sdkman/candidates/gradle/4.10.2/lib/plugins/gradle-publish-4.10.2.jar
7f9294870000-7f9294872000 r--s 00009000 08:05 7081003                    /home/lalit/.sdkman/candidates/gradle/4.10.2/lib/plugins/commons-cli-1.2.jar
7f9294872000-7f9294878000 r--s 0003e000 08:05 7080960                    /home/lalit/.sdkman/candidates/gradle/4.10.2/lib/plugins/gradle-plugins-4.10.2.jar
7f9294878000-7f929487a000 r--s 0000b000 08:05 7080948                    /home/lalit/.sdkman/candidates/gradle/4.10.2/lib/plugins/gradle-plugin-development-4.10.2.jar
7f929487a000-7f9294880000 r--s 00030000 08:05 7080955                    /home/lalit/.sdkman/candidates/gradle/4.10.2/lib/plugins/gradle-platform-play-4.10.2.jar
7f9294880000-7f9294886000 r--s 00033000 08:05 7081018                    /home/lalit/.sdkman/candidates/gradle/4.10.2/lib/plugins/snakeyaml-1.6.jar
7f9294886000-7f9294897000 r--s 00075000 08:05 7080970                    /home/lalit/.sdkman/candidates/gradle/4.10.2/lib/plugins/gradle-platform-native-4.10.2.jar
7f9294897000-7f929489b000 r--s 0001b000 08:05 7080969                    /home/lalit/.sdkman/candidates/gradle/4.10.2/lib/plugins/gradle-platform-jvm-4.10.2.jar
7f929489b000-7f92948a2000 r--s 00029000 08:05 7080974                    /home/lalit/.sdkman/candidates/gradle/4.10.2/lib/plugins/gradle-platform-base-4.10.2.jar
7f92948a2000-7f92948cd000 r--s 00247000 08:05 7081004                    /home/lalit/.sdkman/candidates/gradle/4.10.2/lib/plugins/biz.aQute.bndlib-3.4.0.jar
7f92948cd000-7f92948ce000 r--s 00004000 08:05 7080942                    /home/lalit/.sdkman/candidates/gradle/4.10.2/lib/plugins/gradle-osgi-4.10.2.jar
7f92948ce000-7f92948d1000 r--s 0000c000 08:05 7081009                    /home/lalit/.sdkman/candidates/gradle/4.10.2/lib/plugins/pmaven-groovy-0.8-20100325.jar
7f92948d1000-7f92948d2000 r--s 00004000 08:05 7081008                    /home/lalit/.sdkman/candidates/gradle/4.10.2/lib/plugins/pmaven-common-0.8-20100325.jar
7f92948d2000-7f92948d3000 r--s 00007000 08:05 7080991                    /home/lalit/.sdkman/candidates/gradle/4.10.2/lib/plugins/wagon-http-shared4-2.4.jar
7f92948d3000-7f92948d4000 r--s 00002000 08:05 7080990                    /home/lalit/.sdkman/candidates/gradle/4.10.2/lib/plugins/wagon-http-2.4.jar
7f92948d4000-7f92948d5000 r--s 00002000 08:05 7081010                    /home/lalit/.sdkman/candidates/gradle/4.10.2/lib/plugins/wagon-file-2.4.jar
7f92948d5000-7f92948d7000 r--s 00006000 08:05 7081011                    /home/lalit/.sdkman/candidates/gradle/4.10.2/lib/plugins/aether-connector-wagon-1.13.1.jar
7f92948d7000-7f92948de000 r--s 0002d000 08:05 7080949                    /home/lalit/.sdkman/candidates/gradle/4.10.2/lib/plugins/gradle-maven-4.10.2.jar
7f92948de000-7f92948e1000 r--s 0000b000 08:05 7080964                    /home/lalit/.sdkman/candidates/gradle/4.10.2/lib/plugins/gradle-language-scala-4.10.2.jar
7f92948e1000-7f92948ed000 r--s 0005d000 08:05 7080947                    /home/lalit/.sdkman/candidates/gradle/4.10.2/lib/plugins/gradle-language-native-4.10.2.jar
7f92948ed000-7f92948ef000 r--s 00005000 08:05 7080968                    /home/lalit/.sdkman/candidates/gradle/4.10.2/lib/plugins/gradle-language-jvm-4.10.2.jar
7f92948ef000-7f92948f7000 r--s 0003e000 08:05 7080967                    /home/lalit/.sdkman/candidates/gradle/4.10.2/lib/plugins/gradle-language-java-4.10.2.jar
7f92948f7000-7f92948f9000 r--s 0000b000 08:05 7080963                    /home/lalit/.sdkman/candidates/gradle/4.10.2/lib/plugins/gradle-language-groovy-4.10.2.jar
7f92948f9000-7f9294900000 r--s 00035000 08:05 7081015                    /home/lalit/.sdkman/candidates/gradle/4.10.2/lib/plugins/simple-4.1.21.jar
7f9294900000-7f929490c000 r--s 00100000 08:05 7081013                    /home/lalit/.sdkman/candidates/gradle/4.10.2/lib/plugins/rhino-1.7R3.jar
7f929490c000-7f9294910000 r--s 00012000 08:05 7080956                    /home/lalit/.sdkman/candidates/gradle/4.10.2/lib/plugins/gradle-javascript-4.10.2.jar
7f9294910000-7f9294914000 r--s 00010000 08:05 7080958                    /home/lalit/.sdkman/candidates/gradle/4.10.2/lib/plugins/gradle-jacoco-4.10.2.jar
7f9294914000-7f9294917000 r--s 00013000 08:05 7080957                    /home/lalit/.sdkman/candidates/gradle/4.10.2/lib/plugins/gradle-ivy-4.10.2.jar
7f9294917000-7f9294918000 r--s 00002000 08:05 7080950                    /home/lalit/.sdkman/candidates/gradle/4.10.2/lib/plugins/gradle-ide-play-4.10.2.jar
7f9294918000-7f9294919000 r--s 00011000 08:05 7081019                    /home/lalit/.sdkman/candidates/gradle/4.10.2/lib/plugins/dd-plist-1.20.jar
7f9294919000-7f9294920000 r--s 00032000 08:05 7080945                    /home/lalit/.sdkman/candidates/gradle/4.10.2/lib/plugins/gradle-ide-native-4.10.2.jar
7f9294920000-7f929492a000 r--s 0005c000 08:05 7080951                    /home/lalit/.sdkman/candidates/gradle/4.10.2/lib/plugins/gradle-ide-4.10.2.jar
7f929492a000-7f929492c000 r--s 00008000 08:05 7080954                    /home/lalit/.sdkman/candidates/gradle/4.10.2/lib/plugins/gradle-ear-4.10.2.jar
7f929492c000-7f929492e000 r--s 00005000 08:05 7081002                    /home/lalit/.sdkman/candidates/gradle/4.10.2/lib/plugins/jatl-0.2.2.jar
7f929492e000-7f9294935000 r--s 0003d000 08:05 7080971                    /home/lalit/.sdkman/candidates/gradle/4.10.2/lib/plugins/gradle-diagnostics-4.10.2.jar
7f9294935000-7f929493a000 r--s 00028000 08:05 7080941                    /home/lalit/.sdkman/candidates/gradle/4.10.2/lib/plugins/gradle-code-quality-4.10.2.jar
7f929493a000-7f929493c000 r--s 0000b000 08:05 7081016                    /home/lalit/.sdkman/candidates/gradle/4.10.2/lib/plugins/maven-plugin-api-3.0.4.jar
7f929493c000-7f929493e000 r--s 0000b000 08:05 7081038                    /home/lalit/.sdkman/candidates/gradle/4.10.2/lib/plugins/wagon-provider-api-2.4.jar
7f929493e000-7f9294944000 r--s 0003f000 08:05 7081006                    /home/lalit/.sdkman/candidates/gradle/4.10.2/lib/plugins/maven-compat-3.0.4.jar
7f9294944000-7f9294948000 r--s 0001d000 08:05 7081000                    /home/lalit/.sdkman/candidates/gradle/4.10.2/lib/plugins/xbean-reflect-3.4.jar
7f9294948000-7f929494a000 r--s 00009000 08:05 7081050                    /home/lalit/.sdkman/candidates/gradle/4.10.2/lib/plugins/hamcrest-core-1.3.jar
7f929494a000-7f9294952000 r--s 00045000 08:05 7081020                    /home/lalit/.sdkman/candidates/gradle/4.10.2/lib/plugins/junit-4.12.jar
7f9294952000-7f9294954000 r--s 0000a000 08:05 7081039                    /home/lalit/.sdkman/candidates/gradle/4.10.2/lib/plugins/plexus-classworlds-2.4.jar
7f9294954000-7f929495b000 r--s 0002e000 08:05 7080999                    /home/lalit/.sdkman/candidates/gradle/4.10.2/lib/plugins/plexus-container-default-1.5.5.jar
7f929495b000-7f9294961000 r--s 00026000 08:05 7080959                    /home/lalit/.sdkman/candidates/gradle/4.10.2/lib/plugins/gradle-build-init-4.10.2.jar
7f9294961000-7f9294968000 r--s 0002d000 08:05 7080953                    /home/lalit/.sdkman/candidates/gradle/4.10.2/lib/plugins/gradle-build-comparison-4.10.2.jar
7f9294968000-7f9294969000 r--s 00002000 08:05 7080982                    /home/lalit/.sdkman/candidates/gradle/4.10.2/lib/plugins/gradle-build-cache-http-4.10.2.jar
7f9294969000-7f929496b000 r--s 00009000 08:05 7080940                    /home/lalit/.sdkman/candidates/gradle/4.10.2/lib/plugins/gradle-antlr-4.10.2.jar
7f929496b000-7f929496d000 r--s 00004000 08:05 7080939                    /home/lalit/.sdkman/candidates/gradle/4.10.2/lib/plugins/gradle-announce-4.10.2.jar
7f929496d000-7f929496f000 r--s 00011000 08:05 7080864                    /home/lalit/.sdkman/candidates/gradle/4.10.2/lib/gradle-kotlin-dsl-tooling-builders-1.0-rc-6.jar
7f929496f000-7f9294971000 r--s 00005000 08:05 7080863                    /home/lalit/.sdkman/candidates/gradle/4.10.2/lib/gradle-kotlin-dsl-provider-plugins-1.0-rc-6.jar
7f9294971000-7f9294973000 r--s 0000c000 08:05 7080975                    /home/lalit/.sdkman/candidates/gradle/4.10.2/lib/plugins/gradle-plugin-use-4.10.2.jar
7f9294973000-7f9294974000 r--s 00000000 08:05 7080875                    /home/lalit/.sdkman/candidates/gradle/4.10.2/lib/gradle-runtime-api-info-4.10.2.jar
7f9294974000-7f929498d000 r--s 0013a000 08:05 7081025                    /home/lalit/.sdkman/candidates/gradle/4.10.2/lib/plugins/xercesImpl-2.12.0.jar
7f929498d000-7f9294990000 r--s 0001c000 08:05 7081024                    /home/lalit/.sdkman/candidates/gradle/4.10.2/lib/plugins/nekohtml-1.9.20.jar
7f9294990000-7f9294996000 r--s 0005b000 08:05 7081023                    /home/lalit/.sdkman/candidates/gradle/4.10.2/lib/plugins/jcifs-1.3.17.jar
7f9294996000-7f9294999000 r--s 0000d000 08:05 7080983                    /home/lalit/.sdkman/candidates/gradle/4.10.2/lib/plugins/gradle-resources-http-4.10.2.jar
7f9294999000-7f929499e000 r--s 00040000 08:05 7081026                    /home/lalit/.sdkman/candidates/gradle/4.10.2/lib/plugins/jsch-0.1.54.jar
7f929499e000-7f92949c1000 r--s 00223000 08:05 7080989                    /home/lalit/.sdkman/candidates/gradle/4.10.2/lib/plugins/org.eclipse.jgit-4.5.3.201708160445-r.jar
7f92949c1000-7f92949c8000 r--s 00049000 08:05 7081049                    /home/lalit/.sdkman/candidates/gradle/4.10.2/lib/plugins/httpcore-4.4.9.jar
7f92949c8000-7f92949cf000 r--s 0003f000 08:05 7080998                    /home/lalit/.sdkman/candidates/gradle/4.10.2/lib/plugins/commons-codec-1.10.jar
7f92949cf000-7f92949dd000 r--s 000ae000 08:05 7080997                    /home/lalit/.sdkman/candidates/gradle/4.10.2/lib/plugins/httpclient-4.5.5.jar
7f92949dd000-7f92949df000 r--s 0000c000 08:05 7080976                    /home/lalit/.sdkman/candidates/gradle/4.10.2/lib/plugins/gradle-version-control-4.10.2.jar
7f92949df000-7f92949e1000 r--s 0000d000 08:05 7080978                    /home/lalit/.sdkman/candidates/gradle/4.10.2/lib/plugins/gradle-composite-builds-4.10.2.jar
7f92949e1000-7f92949e2000 r--s 00000000 08:05 7080878                    /home/lalit/.sdkman/candidates/gradle/4.10.2/lib/gradle-installation-beacon-4.10.2.jar
7f92949e2000-7f92949e4000 r--s 00006000 08:05 7081046                    /home/lalit/.sdkman/candidates/gradle/4.10.2/lib/plugins/maven-repository-metadata-3.0.4.jar
7f92949e4000-7f92949e6000 r--s 0000c000 08:05 7081033                    /home/lalit/.sdkman/candidates/gradle/4.10.2/lib/plugins/maven-aether-provider-3.0.4.jar
7f92949e6000-7f92949ea000 r--s 00021000 08:05 7081040                    /home/lalit/.sdkman/candidates/gradle/4.10.2/lib/plugins/maven-model-builder-3.0.4.jar
7f92949ea000-7f92949ec000 r--s 00026000 08:05 7081041                    /home/lalit/.sdkman/candidates/gradle/4.10.2/lib/plugins/maven-model-3.0.4.jar
7f92949ec000-7f92949ee000 r--s 0000a000 08:05 7081044                    /home/lalit/.sdkman/candidates/gradle/4.10.2/lib/plugins/maven-settings-3.0.4.jar
7f92949ee000-7f92949f0000 r--s 00002000 08:05 7081058                    /home/lalit/.sdkman/candidates/gradle/4.10.2/lib/plugins/plexus-cipher-1.7.jar
7f92949f0000-7f92949f1000 r--s 00006000 08:05 7081045                    /home/lalit/.sdkman/candidates/gradle/4.10.2/lib/plugins/plexus-sec-dispatcher-1.3.jar
7f92949f1000-7f92949f3000 r--s 0000d000 08:05 7081055                    /home/lalit/.sdkman/candidates/gradle/4.10.2/lib/plugins/plexus-interpolation-1.14.jar
7f92949f3000-7f92949f5000 r--s 00000000 08:05 7081056                    /home/lalit/.sdkman/candidates/gradle/4.10.2/lib/plugins/plexus-component-annotations-1.5.5.jar
7f92949f5000-7f92949f8000 r--s 00008000 08:05 7081042                    /home/lalit/.sdkman/candidates/gradle/4.10.2/lib/plugins/maven-settings-builder-3.0.4.jar
7f92949f8000-7f92949fc000 r--s 00035000 08:05 7081047                    /home/lalit/.sdkman/candidates/gradle/4.10.2/lib/plugins/plexus-utils-3.0.8.jar
7f92949fc000-7f92949fe000 r--s 0000b000 08:05 7081043                    /home/lalit/.sdkman/candidates/gradle/4.10.2/lib/plugins/maven-artifact-3.0.4.jar
7f92949fe000-7f92949ff000 r--s 00003000 08:05 7081035                    /home/lalit/.sdkman/candidates/gradle/4.10.2/lib/plugins/aether-spi-1.13.1.jar
7f92949ff000-7f9294a02000 r--s 0001d000 08:05 7081034                    /home/lalit/.sdkman/candidates/gradle/4.10.2/lib/plugins/aether-impl-1.13.1.jar
7f9294a02000-7f9294a06000 r--s 0001c000 08:05 7081036                    /home/lalit/.sdkman/candidates/gradle/4.10.2/lib/plugins/aether-util-1.13.1.jar
7f9294a06000-7f9294a09000 r--s 00013000 08:05 7081037                    /home/lalit/.sdkman/candidates/gradle/4.10.2/lib/plugins/aether-api-1.13.1.jar
7f9294a09000-7f9294a18000 r--s 000d9000 08:05 7081005                    /home/lalit/.sdkman/candidates/gradle/4.10.2/lib/plugins/ivy-2.2.0.jar
7f9294a18000-7f9294a6b000 r--s 00373000 08:05 7081032                    /home/lalit/.sdkman/candidates/gradle/4.10.2/lib/plugins/bcprov-jdk15on-1.58.jar
7f9294a6b000-7f9294a9b000 r--s 0018f000 08:05 7080977                    /home/lalit/.sdkman/candidates/gradle/4.10.2/lib/plugins/gradle-dependency-management-4.10.2.jar
7f9294a9b000-7f9294ab2000 r-xp 00000000 08:01 4985443                    /lib/x86_64-linux-gnu/libgcc_s.so.1
7f9294ab2000-7f9294cb1000 ---p 00017000 08:01 4985443                    /lib/x86_64-linux-gnu/libgcc_s.so.1
7f9294cb1000-7f9294cb2000 r--p 00016000 08:01 4985443                    /lib/x86_64-linux-gnu/libgcc_s.so.1
7f9294cb2000-7f9294cb3000 rw-p 00017000 08:01 4985443                    /lib/x86_64-linux-gnu/libgcc_s.so.1
7f9294cb3000-7f9294e2c000 r-xp 00000000 08:01 1575059                    /usr/lib/x86_64-linux-gnu/libstdc++.so.6.0.25
7f9294e2c000-7f929502c000 ---p 00179000 08:01 1575059                    /usr/lib/x86_64-linux-gnu/libstdc++.so.6.0.25
7f929502c000-7f9295036000 r--p 00179000 08:01 1575059                    /usr/lib/x86_64-linux-gnu/libstdc++.so.6.0.25
7f9295036000-7f9295038000 rw-p 00183000 08:01 1575059                    /usr/lib/x86_64-linux-gnu/libstdc++.so.6.0.25
7f9295038000-7f929503c000 rw-p 00000000 00:00 0 
7f929503c000-7f9295048000 r--s 0007d000 08:05 7081007                    /home/lalit/.sdkman/candidates/gradle/4.10.2/lib/plugins/maven-core-3.0.4.jar
7f9295048000-7f929504d000 r--s 00034000 08:05 7081014                    /home/lalit/.sdkman/candidates/gradle/4.10.2/lib/plugins/gson-2.7.jar
7f929504d000-7f929504f000 r--s 00012000 08:05 7081001                    /home/lalit/.sdkman/candidates/gradle/4.10.2/lib/plugins/asm-util-6.2.jar
7f929504f000-7f9295051000 r--s 0000e000 08:05 7080985                    /home/lalit/.sdkman/candidates/gradle/4.10.2/lib/plugins/gradle-workers-4.10.2.jar
7f9295051000-7f9295056000 r-xp 00000000 08:05 7081062                    /home/lalit/.gradle/native/25/linux-amd64/libnative-platform.so
7f9295056000-7f9295255000 ---p 00005000 08:05 7081062                    /home/lalit/.gradle/native/25/linux-amd64/libnative-platform.so
7f9295255000-7f9295256000 rw-p 00004000 08:05 7081062                    /home/lalit/.gradle/native/25/linux-amd64/libnative-platform.so
7f9295256000-7f9295267000 r-xp 00000000 08:05 7209653                    /home/lalit/.sdkman/candidates/java/8.0.202-amzn/jre/lib/amd64/libnio.so
7f9295267000-7f9295466000 ---p 00011000 08:05 7209653                    /home/lalit/.sdkman/candidates/java/8.0.202-amzn/jre/lib/amd64/libnio.so
7f9295466000-7f9295467000 r--p 00010000 08:05 7209653                    /home/lalit/.sdkman/candidates/java/8.0.202-amzn/jre/lib/amd64/libnio.so
7f9295467000-7f9295468000 rw-p 00011000 08:05 7209653                    /home/lalit/.sdkman/candidates/java/8.0.202-amzn/jre/lib/amd64/libnio.so
7f9295468000-7f929547e000 r-xp 00000000 08:05 7209650                    /home/lalit/.sdkman/candidates/java/8.0.202-amzn/jre/lib/amd64/libnet.so
7f929547e000-7f929567e000 ---p 00016000 08:05 7209650                    /home/lalit/.sdkman/candidates/java/8.0.202-amzn/jre/lib/amd64/libnet.so
7f929567e000-7f929567f000 r--p 00016000 08:05 7209650                    /home/lalit/.sdkman/candidates/java/8.0.202-amzn/jre/lib/amd64/libnet.so
7f929567f000-7f9295680000 rw-p 00017000 08:05 7209650                    /home/lalit/.sdkman/candidates/java/8.0.202-amzn/jre/lib/amd64/libnet.so
7f9295680000-7f9295682000 r--s 00006000 08:05 7080877                    /home/lalit/.sdkman/candidates/gradle/4.10.2/lib/gradle-wrapper-4.10.2.jar
7f9295682000-7f9295691000 r--s 0004b000 08:05 7080876                    /home/lalit/.sdkman/candidates/gradle/4.10.2/lib/gradle-tooling-api-4.10.2.jar
7f9295691000-7f9295693000 r--s 00002000 08:05 7080873                    /home/lalit/.sdkman/candidates/gradle/4.10.2/lib/kotlin-stdlib-jdk8-1.2.61.jar
7f9295693000-7f9295694000 r--s 00000000 08:05 7080872                    /home/lalit/.sdkman/candidates/gradle/4.10.2/lib/kotlin-stdlib-jdk7-1.2.61.jar
7f9295694000-7f929569a000 r--s 00015000 08:05 7080871                    /home/lalit/.sdkman/candidates/gradle/4.10.2/lib/kotlin-stdlib-common-1.2.61.jar
7f929569a000-7f92956aa000 r--s 000db000 08:05 7080870                    /home/lalit/.sdkman/candidates/gradle/4.10.2/lib/kotlin-stdlib-1.2.61.jar
7f92956aa000-7f92956ac000 r--s 00009000 08:05 7080869                    /home/lalit/.sdkman/candidates/gradle/4.10.2/lib/kotlin-script-runtime-1.2.61.jar
7f92956ac000-7f92956ad000 r--s 00002000 08:05 7080868                    /home/lalit/.sdkman/candidates/gradle/4.10.2/lib/kotlin-sam-with-receiver-compiler-plugin-1.2.61.jar
7f92956ad000-7f92956e2000 r--s 00241000 08:05 7080867                    /home/lalit/.sdkman/candidates/gradle/4.10.2/lib/kotlin-reflect-1.2.61.jar
7f92956e2000-7f92958ad000 r--s 019b7000 08:05 7080866                    /home/lalit/.sdkman/candidates/gradle/4.10.2/lib/kotlin-compiler-embeddable-1.2.61.jar
7f92958ad000-7f92958af000 r--s 00000000 08:05 7080865                    /home/lalit/.sdkman/candidates/gradle/4.10.2/lib/gradle-kotlin-dsl-tooling-models-1.0-rc-6.jar
7f92958af000-7f92958b1000 r--s 00003000 08:05 7080861                    /home/lalit/.sdkman/candidates/gradle/4.10.2/lib/annotations-13.0.jar
7f92958b1000-7f92958c5000 r--s 00109000 08:05 7080862                    /home/lalit/.sdkman/candidates/gradle/4.10.2/lib/gradle-kotlin-dsl-1.0-rc-6.jar
7f92958c5000-7f92958c9000 r--s 00013000 08:05 7080882                    /home/lalit/.sdkman/candidates/gradle/4.10.2/lib/gradle-build-cache-4.10.2.jar
7f92958c9000-7f92958cf000 r--s 00034000 08:05 7080883                    /home/lalit/.sdkman/candidates/gradle/4.10.2/lib/gradle-persistent-cache-4.10.2.jar
7f92958cf000-7f92958d4000 r--s 00015000 08:05 7080886                    /home/lalit/.sdkman/candidates/gradle/4.10.2/lib/gradle-resources-4.10.2.jar
7f92958d4000-7f92958d5000 r--s 00003000 08:05 7080893                    /home/lalit/.sdkman/candidates/gradle/4.10.2/lib/gradle-build-option-4.10.2.jar
7f92958d5000-7f92958d6000 r--s 00006000 08:05 7080894                    /home/lalit/.sdkman/candidates/gradle/4.10.2/lib/gradle-cli-4.10.2.jar
7f92958d6000-7f92958d8000 r--s 00004000 08:05 7080906                    /home/lalit/.sdkman/candidates/gradle/4.10.2/lib/log4j-over-slf4j-1.7.16.jar
7f92958d8000-7f92958da000 r--s 00000000 08:05 7080905                    /home/lalit/.sdkman/candidates/gradle/4.10.2/lib/jul-to-slf4j-1.7.16.jar
7f92958da000-7f92958dc000 r--s 00003000 08:05 7080904                    /home/lalit/.sdkman/candidates/gradle/4.10.2/lib/jcl-over-slf4j-1.7.16.jar
7f92958dc000-7f92958e4000 r--s 00035000 08:05 7080884                    /home/lalit/.sdkman/candidates/gradle/4.10.2/lib/gradle-logging-4.10.2.jar
7f92958e4000-7f92958f3000 r--s 00085000 08:05 7080889                    /home/lalit/.sdkman/candidates/gradle/4.10.2/lib/gradle-model-core-4.10.2.jar
7f92958f3000-7f92958f5000 r--s 00006000 08:05 7080890                    /home/lalit/.sdkman/candidates/gradle/4.10.2/lib/gradle-base-services-groovy-4.10.2.jar
7f92958f5000-7f92958f7000 r--s 00007000 08:05 7080888                    /home/lalit/.sdkman/candidates/gradle/4.10.2/lib/gradle-model-groovy-4.10.2.jar
7f92958f7000-7f92958f8000 r--s 00006000 08:05 7080895                    /home/lalit/.sdkman/candidates/gradle/4.10.2/lib/gradle-docs-4.10.2.jar
7f92958f8000-7f9295901000 r--s 0002d000 08:05 7080918                    /home/lalit/.sdkman/candidates/gradle/4.10.2/lib/xml-apis-1.4.01.jar
7f9295901000-7f9295902000 r--s 00000000 08:05 7080914                    /home/lalit/.sdkman/candidates/gradle/4.10.2/lib/javax.inject-1.jar
7f9295902000-7f9295973000 r--s 00665000 08:05 7080912                    /home/lalit/.sdkman/candidates/gradle/4.10.2/lib/groovy-all-2.4.15.jar
7f9295973000-7f929597d000 r--s 00078000 08:05 7080917                    /home/lalit/.sdkman/candidates/gradle/4.10.2/lib/commons-compress-1.14.jar
7f929597d000-7f929598a000 r--s 00083000 08:05 7080915                    /home/lalit/.sdkman/candidates/gradle/4.10.2/lib/commons-collections-3.2.2.jar
7f929598a000-7f929598b000 r--s 00007000 08:05 7080897                    /home/lalit/.sdkman/candidates/gradle/4.10.2/lib/asm-analysis-6.2.jar
7f929598b000-7f929598d000 r--s 0000b000 08:05 7080898                    /home/lalit/.sdkman/candidates/gradle/4.10.2/lib/asm-tree-6.2.jar
7f929598d000-7f929598f000 r--s 00012000 08:05 7080896                    /home/lalit/.sdkman/candidates/gradle/4.10.2/lib/asm-commons-6.2.jar
7f929598f000-7f9295990000 r--s 00004000 08:05 7080921                    /home/lalit/.sdkman/candidates/gradle/4.10.2/lib/native-platform-freebsd-amd64-libcpp-0.14.jar
7f9295990000-7f9295991000 r--s 00004000 08:05 7080922                    /home/lalit/.sdkman/candidates/gradle/4.10.2/lib/native-platform-freebsd-amd64-libstdcpp-0.14.jar
7f9295991000-7f9295992000 r--s 00004000 08:05 7080923                    /home/lalit/.sdkman/candidates/gradle/4.10.2/lib/native-platform-freebsd-i386-libcpp-0.14.jar
7f9295992000-7f9295993000 r--s 00003000 08:05 7080924                    /home/lalit/.sdkman/candidates/gradle/4.10.2/lib/native-platform-freebsd-i386-libstdcpp-0.14.jar
7f9295993000-7f9295994000 r--s 00002000 08:05 7080925                    /home/lalit/.sdkman/candidates/gradle/4.10.2/lib/native-platform-linux-amd64-0.14.jar
7f9295994000-7f9295995000 r--s 00002000 08:05 7080926                    /home/lalit/.sdkman/candidates/gradle/4.10.2/lib/native-platform-linux-i386-0.14.jar
7f9295995000-7f9295997000 r--s 00002000 08:05 7080927                    /home/lalit/.sdkman/candidates/gradle/4.10.2/lib/native-platform-osx-amd64-0.14.jar
7f9295997000-7f9295998000 r--s 00003000 08:05 7080928                    /home/lalit/.sdkman/candidates/gradle/4.10.2/lib/native-platform-osx-i386-0.14.jar
7f9295998000-7f929599a000 r--s 0000b000 08:05 7080929                    /home/lalit/.sdkman/candidates/gradle/4.10.2/lib/native-platform-windows-amd64-0.14.jar
7f929599a000-7f929599b000 r--s 0000b000 08:05 7080930                    /home/lalit/.sdkman/candidates/gradle/4.10.2/lib/native-platform-windows-i386-0.14.jar
7f929599b000-7f929599c000 r--s 00001000 08:05 7080931                    /home/lalit/.sdkman/candidates/gradle/4.10.2/lib/native-platform-linux-amd64-ncurses5-0.14.jar
7f929599c000-7f92959a0000 r--s 00012000 08:05 7080916                    /home/lalit/.sdkman/candidates/gradle/4.10.2/lib/native-platform-0.14.jar
7f92959a0000-7f92959a3000 r--s 00023000 08:05 7080919                    /home/lalit/.sdkman/candidates/gradle/4.10.2/lib/jansi-1.14.jar
7f92959a3000-7f92959a7000 r--s 0000c000 08:05 7080887                    /home/lalit/.sdkman/candidates/gradle/4.10.2/lib/gradle-native-4.10.2.jar
7f92959a7000-7f92959a9000 r--s 0000f000 08:05 7080900                    /home/lalit/.sdkman/candidates/gradle/4.10.2/lib/reflectasm-1.07-shaded.jar
7f92959a9000-7f92959ad000 r--s 00026000 08:05 7080899                    /home/lalit/.sdkman/candidates/gradle/4.10.2/lib/kryo-2.20.jar
7f92959ad000-7f92959b4000 r--s 0002d000 08:05 7080891                    /home/lalit/.sdkman/candidates/gradle/4.10.2/lib/gradle-messaging-4.10.2.jar
7f92959b4000-7f92959fa000 r--s 00265000 08:05 7080879                    /home/lalit/.sdkman/candidates/gradle/4.10.2/lib/gradle-core-4.10.2.jar
7f92959fa000-7f92959fb000 ---p 00000000 00:00 0 
7f92959fb000-7f9295afb000 rw-p 00000000 00:00 0 
7f9295afb000-7f9295afe000 ---p 00000000 00:00 0 
7f9295afe000-7f9295bfc000 rw-p 00000000 00:00 0 
7f9295bfc000-7f9295bfd000 ---p 00000000 00:00 0 
7f9295bfd000-7f9295c00000 ---p 00000000 00:00 0 
7f9295c00000-7f9295cfd000 rw-p 00000000 00:00 0 
7f9295cfd000-7f9295cfe000 ---p 00000000 00:00 0 
7f9295cfe000-7f9295d01000 ---p 00000000 00:00 0 
7f9295d01000-7f9295dfe000 rw-p 00000000 00:00 0 
7f9295dfe000-7f9295dff000 ---p 00000000 00:00 0 
7f9295dff000-7f9295e02000 ---p 00000000 00:00 0 
7f9295e02000-7f9295eff000 rw-p 00000000 00:00 0 
7f9295eff000-7f9295f02000 ---p 00000000 00:00 0 
7f9295f02000-7f9298000000 rw-p 00000000 00:00 0 
7f9298000000-7f9298021000 rw-p 00000000 00:00 0 
7f9298021000-7f929c000000 ---p 00000000 00:00 0 
7f929c000000-7f929c001000 r--s 00001000 08:05 7080932                    /home/lalit/.sdkman/candidates/gradle/4.10.2/lib/native-platform-linux-amd64-ncurses6-0.14.jar
7f929c001000-7f929c003000 r--s 00000000 08:05 7080935                    /home/lalit/.sdkman/candidates/gradle/4.10.2/lib/minlog-1.2.jar
7f929c003000-7f929c02b000 r--s 001cf000 08:05 7080908                    /home/lalit/.sdkman/candidates/gradle/4.10.2/lib/guava-jdk5-17.0.jar
7f929c02b000-7f929c9fa000 r--p 00000000 08:01 1579691                    /usr/lib/locale/locale-archive
7f929c9fa000-7f929c9fd000 ---p 00000000 00:00 0 
7f929c9fd000-7f929cafb000 rw-p 00000000 00:00 0 
7f929cafb000-7f929cafe000 ---p 00000000 00:00 0 
7f929cafe000-7f929cbfc000 rw-p 00000000 00:00 0 
7f929cbfc000-7f929cbfd000 ---p 00000000 00:00 0 
7f929cbfd000-7f929d000000 rw-p 00000000 00:00 0 
7f929d000000-7f929dee0000 rwxp 00000000 00:00 0 
7f929dee0000-7f92ac000000 ---p 00000000 00:00 0 
7f92ac000000-7f92ad1d9000 rw-p 00000000 00:00 0 
7f92ad1d9000-7f92b0000000 ---p 00000000 00:00 0 
7f92b0000000-7f92b0002000 r--s 00007000 08:05 7080936                    /home/lalit/.sdkman/candidates/gradle/4.10.2/lib/objenesis-1.2.jar
7f92b0002000-7f92b0004000 r--s 00006000 08:05 7080885                    /home/lalit/.sdkman/candidates/gradle/4.10.2/lib/gradle-process-services-4.10.2.jar
7f92b0004000-7f92b0006000 r--s 00000000 08:05 7080880                    /home/lalit/.sdkman/candidates/gradle/4.10.2/lib/gradle-jvm-services-4.10.2.jar
7f92b0006000-7f92b0008000 r--s 00006000 08:05 7080909                    /home/lalit/.sdkman/candidates/gradle/4.10.2/lib/jsr305-2.0.1.jar
7f92b0008000-7f92b000b000 r--s 0001a000 08:05 7080910                    /home/lalit/.sdkman/candidates/gradle/4.10.2/lib/fastutil-7.2.1-min.jar
7f92b000b000-7f92b000f000 r--s 0002a000 08:05 7080902                    /home/lalit/.sdkman/candidates/gradle/4.10.2/lib/commons-io-2.4.jar
7f92b000f000-7f92b002e000 r--s 001d9000 08:05 7080913                    /home/lalit/.sdkman/candidates/gradle/4.10.2/lib/ant-1.9.11.jar
7f92b002e000-7f92b003b000 r--s 00037000 08:05 7080881                    /home/lalit/.sdkman/candidates/gradle/4.10.2/lib/gradle-core-api-4.10.2.jar
7f92b003b000-7f92b0047000 r--s 00064000 08:05 7080892                    /home/lalit/.sdkman/candidates/gradle/4.10.2/lib/gradle-base-services-4.10.2.jar
7f92b0047000-7f92b0054000 r--s 00068000 08:05 7080874                    /home/lalit/.sdkman/candidates/gradle/4.10.2/lib/gradle-launcher-4.10.2.jar
7f92b0054000-7f92b00eb000 r--s 007ce000 08:05 7209587                    /home/lalit/.sdkman/candidates/java/8.0.202-amzn/jre/lib/ext/jfxrt.jar
7f92b00eb000-7f92b0d9c000 rw-p 00000000 00:00 0 
7f92b0d9c000-7f92b0f6b000 r--s 03c37000 08:05 7209676                    /home/lalit/.sdkman/candidates/java/8.0.202-amzn/jre/lib/rt.jar
7f92b0f6b000-7f92b19e1000 rw-p 00000000 00:00 0 
7f92b19e1000-7f92b19e2000 ---p 00000000 00:00 0 
7f92b19e2000-7f92b1ae2000 rw-p 00000000 00:00 0 
7f92b1ae2000-7f92b1ae3000 ---p 00000000 00:00 0 
7f92b1ae3000-7f92b1be3000 rw-p 00000000 00:00 0 
7f92b1be3000-7f92b1be4000 ---p 00000000 00:00 0 
7f92b1be4000-7f92b1ce4000 rw-p 00000000 00:00 0 
7f92b1ce4000-7f92b1ce5000 ---p 00000000 00:00 0 
7f92b1ce5000-7f92b1e72000 rw-p 00000000 00:00 0 
7f92b1e72000-7f92b1f3b000 ---p 00000000 00:00 0 
7f92b1f3b000-7f92b1fc8000 rw-p 00000000 00:00 0 
7f92b1fc8000-7f92b2090000 ---p 00000000 00:00 0 
7f92b2090000-7f92b213b000 rw-p 00000000 00:00 0 
7f92b213b000-7f92b2178000 rw-p 00000000 00:00 0 
7f92b2178000-7f92b24fc000 ---p 00000000 00:00 0 
7f92b24fc000-7f92b2517000 r-xp 00000000 08:05 7209608                    /home/lalit/.sdkman/candidates/java/8.0.202-amzn/jre/lib/amd64/libzip.so
7f92b2517000-7f92b2716000 ---p 0001b000 08:05 7209608                    /home/lalit/.sdkman/candidates/java/8.0.202-amzn/jre/lib/amd64/libzip.so
7f92b2716000-7f92b2717000 r--p 0001a000 08:05 7209608                    /home/lalit/.sdkman/candidates/java/8.0.202-amzn/jre/lib/amd64/libzip.so
7f92b2717000-7f92b2718000 rw-p 0001b000 08:05 7209608                    /home/lalit/.sdkman/candidates/java/8.0.202-amzn/jre/lib/amd64/libzip.so
7f92b2718000-7f92b2723000 r-xp 00000000 08:01 4985652                    /lib/x86_64-linux-gnu/libnss_files-2.27.so
7f92b2723000-7f92b2922000 ---p 0000b000 08:01 4985652                    /lib/x86_64-linux-gnu/libnss_files-2.27.so
7f92b2922000-7f92b2923000 r--p 0000a000 08:01 4985652                    /lib/x86_64-linux-gnu/libnss_files-2.27.so
7f92b2923000-7f92b2924000 rw-p 0000b000 08:01 4985652                    /lib/x86_64-linux-gnu/libnss_files-2.27.so
7f92b2924000-7f92b292a000 rw-p 00000000 00:00 0 
7f92b292a000-7f92b2941000 r-xp 00000000 08:01 4985646                    /lib/x86_64-linux-gnu/libnsl-2.27.so
7f92b2941000-7f92b2b40000 ---p 00017000 08:01 4985646                    /lib/x86_64-linux-gnu/libnsl-2.27.so
7f92b2b40000-7f92b2b41000 r--p 00016000 08:01 4985646                    /lib/x86_64-linux-gnu/libnsl-2.27.so
7f92b2b41000-7f92b2b42000 rw-p 00017000 08:01 4985646                    /lib/x86_64-linux-gnu/libnsl-2.27.so
7f92b2b42000-7f92b2b44000 rw-p 00000000 00:00 0 
7f92b2b44000-7f92b2b4f000 r-xp 00000000 08:01 4985663                    /lib/x86_64-linux-gnu/libnss_nis-2.27.so
7f92b2b4f000-7f92b2d4e000 ---p 0000b000 08:01 4985663                    /lib/x86_64-linux-gnu/libnss_nis-2.27.so
7f92b2d4e000-7f92b2d4f000 r--p 0000a000 08:01 4985663                    /lib/x86_64-linux-gnu/libnss_nis-2.27.so
7f92b2d4f000-7f92b2d50000 rw-p 0000b000 08:01 4985663                    /lib/x86_64-linux-gnu/libnss_nis-2.27.so
7f92b2d50000-7f92b2d58000 r-xp 00000000 08:01 4985648                    /lib/x86_64-linux-gnu/libnss_compat-2.27.so
7f92b2d58000-7f92b2f58000 ---p 00008000 08:01 4985648                    /lib/x86_64-linux-gnu/libnss_compat-2.27.so
7f92b2f58000-7f92b2f59000 r--p 00008000 08:01 4985648                    /lib/x86_64-linux-gnu/libnss_compat-2.27.so
7f92b2f59000-7f92b2f5a000 rw-p 00009000 08:01 4985648                    /lib/x86_64-linux-gnu/libnss_compat-2.27.so
7f92b2f5a000-7f92b2f86000 r-xp 00000000 08:05 7209638                    /home/lalit/.sdkman/candidates/java/8.0.202-amzn/jre/lib/amd64/libjava.so
7f92b2f86000-7f92b3185000 ---p 0002c000 08:05 7209638                    /home/lalit/.sdkman/candidates/java/8.0.202-amzn/jre/lib/amd64/libjava.so
7f92b3185000-7f92b3186000 r--p 0002b000 08:05 7209638                    /home/lalit/.sdkman/candidates/java/8.0.202-amzn/jre/lib/amd64/libjava.so
7f92b3186000-7f92b3188000 rw-p 0002c000 08:05 7209638                    /home/lalit/.sdkman/candidates/java/8.0.202-amzn/jre/lib/amd64/libjava.so
7f92b3188000-7f92b3199000 r-xp 00000000 08:05 7209630                    /home/lalit/.sdkman/candidates/java/8.0.202-amzn/jre/lib/amd64/libverify.so
7f92b3199000-7f92b3398000 ---p 00011000 08:05 7209630                    /home/lalit/.sdkman/candidates/java/8.0.202-amzn/jre/lib/amd64/libverify.so
7f92b3398000-7f92b339a000 r--p 00010000 08:05 7209630                    /home/lalit/.sdkman/candidates/java/8.0.202-amzn/jre/lib/amd64/libverify.so
7f92b339a000-7f92b339b000 rw-p 00012000 08:05 7209630                    /home/lalit/.sdkman/candidates/java/8.0.202-amzn/jre/lib/amd64/libverify.so
7f92b339b000-7f92b33a2000 r-xp 00000000 08:01 4985703                    /lib/x86_64-linux-gnu/librt-2.27.so
7f92b33a2000-7f92b35a1000 ---p 00007000 08:01 4985703                    /lib/x86_64-linux-gnu/librt-2.27.so
7f92b35a1000-7f92b35a2000 r--p 00006000 08:01 4985703                    /lib/x86_64-linux-gnu/librt-2.27.so
7f92b35a2000-7f92b35a3000 rw-p 00007000 08:01 4985703                    /lib/x86_64-linux-gnu/librt-2.27.so
7f92b35a3000-7f92b3740000 r-xp 00000000 08:01 4985625                    /lib/x86_64-linux-gnu/libm-2.27.so
7f92b3740000-7f92b393f000 ---p 0019d000 08:01 4985625                    /lib/x86_64-linux-gnu/libm-2.27.so
7f92b393f000-7f92b3940000 r--p 0019c000 08:01 4985625                    /lib/x86_64-linux-gnu/libm-2.27.so
7f92b3940000-7f92b3941000 rw-p 0019d000 08:01 4985625                    /lib/x86_64-linux-gnu/libm-2.27.so
7f92b3941000-7f92b45ce000 r-xp 00000000 08:05 7209611                    /home/lalit/.sdkman/candidates/java/8.0.202-amzn/jre/lib/amd64/server/libjvm.so
7f92b45ce000-7f92b47cd000 ---p 00c8d000 08:05 7209611                    /home/lalit/.sdkman/candidates/java/8.0.202-amzn/jre/lib/amd64/server/libjvm.so
7f92b47cd000-7f92b4862000 r--p 00c8c000 08:05 7209611                    /home/lalit/.sdkman/candidates/java/8.0.202-amzn/jre/lib/amd64/server/libjvm.so
7f92b4862000-7f92b488b000 rw-p 00d21000 08:05 7209611                    /home/lalit/.sdkman/candidates/java/8.0.202-amzn/jre/lib/amd64/server/libjvm.so
7f92b488b000-7f92b48bb000 rw-p 00000000 00:00 0 
7f92b48bb000-7f92b4aa2000 r-xp 00000000 08:01 4985562                    /lib/x86_64-linux-gnu/libc-2.27.so
7f92b4aa2000-7f92b4ca2000 ---p 001e7000 08:01 4985562                    /lib/x86_64-linux-gnu/libc-2.27.so
7f92b4ca2000-7f92b4ca6000 r--p 001e7000 08:01 4985562                    /lib/x86_64-linux-gnu/libc-2.27.so
7f92b4ca6000-7f92b4ca8000 rw-p 001eb000 08:01 4985562                    /lib/x86_64-linux-gnu/libc-2.27.so
7f92b4ca8000-7f92b4cac000 rw-p 00000000 00:00 0 
7f92b4cac000-7f92b4caf000 r-xp 00000000 08:01 4985585                    /lib/x86_64-linux-gnu/libdl-2.27.so
7f92b4caf000-7f92b4eae000 ---p 00003000 08:01 4985585                    /lib/x86_64-linux-gnu/libdl-2.27.so
7f92b4eae000-7f92b4eaf000 r--p 00002000 08:01 4985585                    /lib/x86_64-linux-gnu/libdl-2.27.so
7f92b4eaf000-7f92b4eb0000 rw-p 00003000 08:01 4985585                    /lib/x86_64-linux-gnu/libdl-2.27.so
7f92b4eb0000-7f92b4ec7000 r-xp 00000000 08:05 7209558                    /home/lalit/.sdkman/candidates/java/8.0.202-amzn/lib/amd64/jli/libjli.so
7f92b4ec7000-7f92b50c6000 ---p 00017000 08:05 7209558                    /home/lalit/.sdkman/candidates/java/8.0.202-amzn/lib/amd64/jli/libjli.so
7f92b50c6000-7f92b50c7000 r--p 00016000 08:05 7209558                    /home/lalit/.sdkman/candidates/java/8.0.202-amzn/lib/amd64/jli/libjli.so
7f92b50c7000-7f92b50c8000 rw-p 00017000 08:05 7209558                    /home/lalit/.sdkman/candidates/java/8.0.202-amzn/lib/amd64/jli/libjli.so
7f92b50c8000-7f92b50e2000 r-xp 00000000 08:01 4985695                    /lib/x86_64-linux-gnu/libpthread-2.27.so
7f92b50e2000-7f92b52e1000 ---p 0001a000 08:01 4985695                    /lib/x86_64-linux-gnu/libpthread-2.27.so
7f92b52e1000-7f92b52e2000 r--p 00019000 08:01 4985695                    /lib/x86_64-linux-gnu/libpthread-2.27.so
7f92b52e2000-7f92b52e3000 rw-p 0001a000 08:01 4985695                    /lib/x86_64-linux-gnu/libpthread-2.27.so
7f92b52e3000-7f92b52e7000 rw-p 00000000 00:00 0 
7f92b52e7000-7f92b530e000 r-xp 00000000 08:01 4985534                    /lib/x86_64-linux-gnu/ld-2.27.so
7f92b530e000-7f92b530f000 r--s 00001000 08:05 7080933                    /home/lalit/.sdkman/candidates/gradle/4.10.2/lib/native-platform-linux-i386-ncurses5-0.14.jar
7f92b530f000-7f92b53f4000 rw-p 00000000 00:00 0 
7f92b53f4000-7f92b53f5000 ---p 00000000 00:00 0 
7f92b53f5000-7f92b53f8000 ---p 00000000 00:00 0 
7f92b53f8000-7f92b54f7000 rw-p 00000000 00:00 0 
7f92b54f7000-7f92b54f8000 r--s 00001000 08:05 7080934                    /home/lalit/.sdkman/candidates/gradle/4.10.2/lib/native-platform-linux-i386-ncurses6-0.14.jar
7f92b54f8000-7f92b54f9000 r--s 00000000 08:05 7080911                    /home/lalit/.sdkman/candidates/gradle/4.10.2/lib/jcip-annotations-1.0.jar
7f92b54f9000-7f92b54fb000 r--s 0001a000 08:05 7080901                    /home/lalit/.sdkman/candidates/gradle/4.10.2/lib/asm-6.2.jar
7f92b54fb000-7f92b54fc000 r--s 00009000 08:05 7080907                    /home/lalit/.sdkman/candidates/gradle/4.10.2/lib/slf4j-api-1.7.16.jar
7f92b54fc000-7f92b5501000 r--s 00041000 08:05 7080903                    /home/lalit/.sdkman/candidates/gradle/4.10.2/lib/commons-lang-2.6.jar
7f92b5501000-7f92b5502000 r--s 00004000 08:05 7080920                    /home/lalit/.sdkman/candidates/gradle/4.10.2/lib/ant-launcher-1.9.11.jar
7f92b5502000-7f92b550a000 rw-s 00000000 08:01 3801928                    /tmp/hsperfdata_lalit/10106
7f92b550a000-7f92b550b000 rw-p 00000000 00:00 0 
7f92b550b000-7f92b550c000 r--p 00000000 00:00 0 
7f92b550c000-7f92b550e000 rw-p 00000000 00:00 0 
7f92b550e000-7f92b550f000 r--p 00027000 08:01 4985534                    /lib/x86_64-linux-gnu/ld-2.27.so
7f92b550f000-7f92b5510000 rw-p 00028000 08:01 4985534                    /lib/x86_64-linux-gnu/ld-2.27.so
7f92b5510000-7f92b5511000 rw-p 00000000 00:00 0 
7ffc7f585000-7ffc7f5a6000 rw-p 00000000 00:00 0                          [stack]
7ffc7f5bf000-7ffc7f5c2000 r--p 00000000 00:00 0                          [vvar]
7ffc7f5c2000-7ffc7f5c4000 r-xp 00000000 00:00 0                          [vdso]
ffffffffff600000-ffffffffff601000 r-xp 00000000 00:00 0                  [vsyscall]

VM Arguments:
jvm_args: -XX:+HeapDumpOnOutOfMemoryError -Xmx1024m -Dfile.encoding=UTF-8 -Duser.country=IN -Duser.language=en -Duser.variant 
java_command: org.gradle.launcher.daemon.bootstrap.GradleDaemon 4.10.2
java_class_path (initial): /home/lalit/.sdkman/candidates/gradle/4.10.2/lib/gradle-launcher-4.10.2.jar
Launcher Type: SUN_STANDARD

Environment Variables:
JAVA_HOME=/home/lalit/.sdkman/candidates/java/current
PATH=/home/lalit/.sdkman/candidates/java/current/bin:/home/lalit/.sdkman/candidates/groovy/current/bin:/home/lalit/.sdkman/candidates/gradle/current/bin:/usr/local/sbin:/usr/local/bin:/usr/sbin:/usr/bin:/sbin:/bin:/usr/games:/usr/local/games:/snap/bin:/opt/idea/bin:/opt/idea/bin
USERNAME=lalit
SHELL=/bin/bash
DISPLAY=:0

Signal Handlers:
SIGSEGV: [libjvm.so+0xa7fe20], sa_mask[0]=11111111011111111101111111111110, sa_flags=SA_RESTART|SA_SIGINFO
SIGBUS: [libjvm.so+0xa7fe20], sa_mask[0]=11111111011111111101111111111110, sa_flags=SA_RESTART|SA_SIGINFO
SIGFPE: [libjvm.so+0x8bba60], sa_mask[0]=11111111011111111101111111111110, sa_flags=SA_RESTART|SA_SIGINFO
SIGPIPE: [libjvm.so+0x8bba60], sa_mask[0]=11111111011111111101111111111110, sa_flags=SA_RESTART|SA_SIGINFO
SIGXFSZ: [libjvm.so+0x8bba60], sa_mask[0]=11111111011111111101111111111110, sa_flags=SA_RESTART|SA_SIGINFO
SIGILL: [libjvm.so+0x8bba60], sa_mask[0]=11111111011111111101111111111110, sa_flags=SA_RESTART|SA_SIGINFO
SIGUSR1: SIG_DFL, sa_mask[0]=00000000000000000000000000000000, sa_flags=none
SIGUSR2: [libjvm.so+0x8bb930], sa_mask[0]=00100000000000000000000000000000, sa_flags=SA_RESTART|SA_SIGINFO
SIGHUP: SIG_IGN, sa_mask[0]=00000000000000000000000000000000, sa_flags=none
SIGINT: [libjvm.so+0x8bbf50], sa_mask[0]=11111111011111111101111111111110, sa_flags=SA_RESTART|SA_SIGINFO
SIGTERM: [libjvm.so+0x8bbf50], sa_mask[0]=11111111011111111101111111111110, sa_flags=SA_RESTART|SA_SIGINFO
SIGQUIT: [libjvm.so+0x8bbf50], sa_mask[0]=11111111011111111101111111111110, sa_flags=SA_RESTART|SA_SIGINFO


---------------  S Y S T E M  ---------------

OS:DISTRIB_ID=Ubuntu
DISTRIB_RELEASE=18.04
DISTRIB_CODENAME=bionic
DISTRIB_DESCRIPTION="Ubuntu 18.04.1 LTS"

uname:Linux 4.15.0-46-generic #49-Ubuntu SMP Wed Feb 6 09:33:07 UTC 2019 x86_64
libc:glibc 2.27 NPTL 2.27 
rlimit: STACK 8192k, CORE 0k, NPROC 63610, NOFILE 1048576, AS infinity
load average:1.23 1.22 1.08

/proc/meminfo:
MemTotal:       16344968 kB
MemFree:         3019924 kB
MemAvailable:    7543444 kB
Buffers:          518912 kB
Cached:          4563200 kB
SwapCached:            0 kB
Active:          9732472 kB
Inactive:        2876196 kB
Active(anon):    7531100 kB
Inactive(anon):   516304 kB
Active(file):    2201372 kB
Inactive(file):  2359892 kB
Unevictable:         120 kB
Mlocked:             120 kB
SwapTotal:      48931836 kB
SwapFree:       48931836 kB
Dirty:             14260 kB
Writeback:             0 kB
AnonPages:       7526460 kB
Mapped:           941868 kB
Shmem:            527280 kB
Slab:             440944 kB
SReclaimable:     302560 kB
SUnreclaim:       138384 kB
KernelStack:       24736 kB
PageTables:       111832 kB
NFS_Unstable:          0 kB
Bounce:                0 kB
WritebackTmp:          0 kB
CommitLimit:    57104320 kB
Committed_AS:   22068096 kB
VmallocTotal:   34359738367 kB
VmallocUsed:           0 kB
VmallocChunk:          0 kB
HardwareCorrupted:     0 kB
AnonHugePages:         0 kB
ShmemHugePages:        0 kB
ShmemPmdMapped:        0 kB
CmaTotal:              0 kB
CmaFree:               0 kB
HugePages_Total:       0
HugePages_Free:        0
HugePages_Rsvd:        0
HugePages_Surp:        0
Hugepagesize:       2048 kB
DirectMap4k:      445244 kB
DirectMap2M:    16250880 kB
DirectMap1G:     1048576 kB

container (cgroup) information:
container_type: cgroupv1
cpu_cpuset_cpus: 0-3
cpu_memory_nodes: 0
active_processor_count: 4
cpu_quota: -1
cpu_period: 100000
cpu_shares: -1
memory_limit_in_bytes: -1
memory_and_swap_limit_in_bytes: -2
memory_soft_limit_in_bytes: -1
memory_usage_in_bytes: 10725629952
memory_max_usage_in_bytes: 13027057664


CPU:total 4 (initial active 4) (2 cores per cpu, 2 threads per core) family 6 model 61 stepping 4, cmov, cx8, fxsr, mmx, sse, sse2, sse3, ssse3, sse4.1, sse4.2, popcnt, avx, avx2, aes, clmul, erms, 3dnowpref, lzcnt, ht, tsc, tscinvbit, bmi1, bmi2, adx

/proc/cpuinfo:
processor	: 0
vendor_id	: GenuineIntel
cpu family	: 6
model		: 61
model name	: Intel(R) Core(TM) i7-5500U CPU @ 2.40GHz
stepping	: 4
microcode	: 0x2b
cpu MHz		: 2343.901
cache size	: 4096 KB
physical id	: 0
siblings	: 4
core id		: 0
cpu cores	: 2
apicid		: 0
initial apicid	: 0
fpu		: yes
fpu_exception	: yes
cpuid level	: 20
wp		: yes
flags		: fpu vme de pse tsc msr pae mce cx8 apic sep mtrr pge mca cmov pat pse36 clflush dts acpi mmx fxsr sse sse2 ss ht tm pbe syscall nx pdpe1gb rdtscp lm constant_tsc arch_perfmon pebs bts rep_good nopl xtopology nonstop_tsc cpuid aperfmperf pni pclmulqdq dtes64 monitor ds_cpl vmx est tm2 ssse3 sdbg fma cx16 xtpr pdcm pcid sse4_1 sse4_2 x2apic movbe popcnt tsc_deadline_timer aes xsave avx f16c rdrand lahf_lm abm 3dnowprefetch cpuid_fault epb invpcid_single pti ssbd ibrs ibpb stibp tpr_shadow vnmi flexpriority ept vpid fsgsbase tsc_adjust bmi1 avx2 smep bmi2 erms invpcid rdseed adx smap intel_pt xsaveopt dtherm ida arat pln pts flush_l1d
bugs		: cpu_meltdown spectre_v1 spectre_v2 spec_store_bypass l1tf
bogomips	: 4788.77
clflush size	: 64
cache_alignment	: 64
address sizes	: 39 bits physical, 48 bits virtual
power management:

processor	: 1
vendor_id	: GenuineIntel
cpu family	: 6
model		: 61
model name	: Intel(R) Core(TM) i7-5500U CPU @ 2.40GHz
stepping	: 4
microcode	: 0x2b
cpu MHz		: 2369.544
cache size	: 4096 KB
physical id	: 0
siblings	: 4
core id		: 1
cpu cores	: 2
apicid		: 2
initial apicid	: 2
fpu		: yes
fpu_exception	: yes
cpuid level	: 20
wp		: yes
flags		: fpu vme de pse tsc msr pae mce cx8 apic sep mtrr pge mca cmov pat pse36 clflush dts acpi mmx fxsr sse sse2 ss ht tm pbe syscall nx pdpe1gb rdtscp lm constant_tsc arch_perfmon pebs bts rep_good nopl xtopology nonstop_tsc cpuid aperfmperf pni pclmulqdq dtes64 monitor ds_cpl vmx est tm2 ssse3 sdbg fma cx16 xtpr pdcm pcid sse4_1 sse4_2 x2apic movbe popcnt tsc_deadline_timer aes xsave avx f16c rdrand lahf_lm abm 3dnowprefetch cpuid_fault epb invpcid_single pti ssbd ibrs ibpb stibp tpr_shadow vnmi flexpriority ept vpid fsgsbase tsc_adjust bmi1 avx2 smep bmi2 erms invpcid rdseed adx smap intel_pt xsaveopt dtherm ida arat pln pts flush_l1d
bugs		: cpu_meltdown spectre_v1 spectre_v2 spec_store_bypass l1tf
bogomips	: 4788.77
clflush size	: 64
cache_alignment	: 64
address sizes	: 39 bits physical, 48 bits virtual
power management:

processor	: 2
vendor_id	: GenuineIntel
cpu family	: 6
model		: 61
model name	: Intel(R) Core(TM) i7-5500U CPU @ 2.40GHz
stepping	: 4
microcode	: 0x2b
cpu MHz		: 2387.541
cache size	: 4096 KB
physical id	: 0
siblings	: 4
core id		: 0
cpu cores	: 2
apicid		: 1
initial apicid	: 1
fpu		: yes
fpu_exception	: yes
cpuid level	: 20
wp		: yes
flags		: fpu vme de pse tsc msr pae mce cx8 apic sep mtrr pge mca cmov pat pse36 clflush dts acpi mmx fxsr sse sse2 ss ht tm pbe syscall nx pdpe1gb rdtscp lm constant_tsc arch_perfmon pebs bts rep_good nopl xtopology nonstop_tsc cpuid aperfmperf pni pclmulqdq dtes64 monitor ds_cpl vmx est tm2 ssse3 sdbg fma cx16 xtpr pdcm pcid sse4_1 sse4_2 x2apic movbe popcnt tsc_deadline_timer aes xsave avx f16c rdrand lahf_lm abm 3dnowprefetch cpuid_fault epb invpcid_single pti ssbd ibrs ibpb stibp tpr_shadow vnmi flexpriority ept vpid fsgsbase tsc_adjust bmi1 avx2 smep bmi2 erms invpcid rdseed adx smap intel_pt xsaveopt dtherm ida arat pln pts flush_l1d
bugs		: cpu_meltdown spectre_v1 spectre_v2 spec_store_bypass l1tf
bogomips	: 4788.77
clflush size	: 64
cache_alignment	: 64
address sizes	: 39 bits physical, 48 bits virtual
power management:

processor	: 3
vendor_id	: GenuineIntel
cpu family	: 6
model		: 61
model name	: Intel(R) Core(TM) i7-5500U CPU @ 2.40GHz
stepping	: 4
microcode	: 0x2b
cpu MHz		: 2382.521
cache size	: 4096 KB
physical id	: 0
siblings	: 4
core id		: 1
cpu cores	: 2
apicid		: 3
initial apicid	: 3
fpu		: yes
fpu_exception	: yes
cpuid level	: 20
wp		: yes
flags		: fpu vme de pse tsc msr pae mce cx8 apic sep mtrr pge mca cmov pat pse36 clflush dts acpi mmx fxsr sse sse2 ss ht tm pbe syscall nx pdpe1gb rdtscp lm constant_tsc arch_perfmon pebs bts rep_good nopl xtopology nonstop_tsc cpuid aperfmperf pni pclmulqdq dtes64 monitor ds_cpl vmx est tm2 ssse3 sdbg fma cx16 xtpr pdcm pcid sse4_1 sse4_2 x2apic movbe popcnt tsc_deadline_timer aes xsave avx f16c rdrand lahf_lm abm 3dnowprefetch cpuid_fault epb invpcid_single pti ssbd ibrs ibpb stibp tpr_shadow vnmi flexpriority ept vpid fsgsbase tsc_adjust bmi1 avx2 smep bmi2 erms invpcid rdseed adx smap intel_pt xsaveopt dtherm ida arat pln pts flush_l1d
bugs		: cpu_meltdown spectre_v1 spectre_v2 spec_store_bypass l1tf
bogomips	: 4788.77
clflush size	: 64
cache_alignment	: 64
address sizes	: 39 bits physical, 48 bits virtual
power management:



Memory: 4k page, physical 16344968k(3019924k free), swap 48931836k(48931836k free)

vm_info: OpenJDK 64-Bit Server VM (25.202-b08) for linux-amd64 JRE (1.8.0_202-b08), built on Jan 24 2019 00:14:21 by "root" with gcc 7.3.1 20180303 (Red Hat 7.3.1-5)

time: Tue Mar 19 18:40:12 2019
timezone: IST
elapsed time: 102 seconds (0d 0h 1m 42s)

